Unity Editor version:    6000.3.6f1 (bbb010bdb8a3)
Branch:                  6000.3/respin/6000.3.6f1-732c1ec89f18
Build type:              Release
Batch mode:              YES
System name:             Linux
Distro version:          #37~24.04.1-Ubuntu SMP PREEMPT_DYNAMIC Thu Nov 20 10:25:38 UTC 2
Kernel version:          6.14.0-37-generic
Architecture:            x86_64
Window Protocol:         Wayland (XWayland)
Available memory:        15271 MB
Date:                    2026-02-02T14:44:30Z
[Licensing::Module] Trying to connect to existing licensing client channel...
[Licensing::IpcConnector] Successfully connected to: "LicenseClient-ramzi-mcfarland" at "2026-02-02T14:44:30.690516Z"
[SignatureVerifier] Application signature verification not supported on this platform.
[Licensing::Client] Handshaking with LicensingClient:
  Version:                 1.17.4+4293ba1
  Session Id:              a78252bc6a274a178ea4750f65427ccd
  Correlation Id:          f462f6c7a57689614e7523efce07541a
  External correlation Id: 1560443843059223140
  Machine Id:              iKrWbb7xtPPk46z8ONi0XYdOAR0=
[Licensing::Module] Successfully connected to LicensingClient on channel: "LicenseClient-ramzi-mcfarland" (connect: 0.00s, validation: 0.00s, handshake: 0.00s)
[Licensing::IpcConnector] Successfully connected to: "LicenseClient-ramzi-mcfarland-notifications" at "2026-02-02T14:44:30.692662Z"
[Licensing::Module] Licensing Background thread has ended after 0.00s
Selected window backend: (null) 
Desktop is 2880 x 1920 @ 60 Hz
Initialize udev device monitor.

COMMAND LINE ARGUMENTS:
Unity
-adb2
-batchMode
-noUpm
-name
AssetImportWorker3
-projectPath
/home/ramzi-mcfarland/GameJamGame
-logFile
Logs/AssetImportWorker3.log
-srvPort
44879
-licensingIpc
LicenseClient-ramzi-mcfarland
-job-worker-count
7
-background-job-worker-count
8
-gc-helper-count
1
Successfully changed project path to: /home/ramzi-mcfarland/GameJamGame
/home/ramzi-mcfarland/GameJamGame
[UnityMemory] Configuration Parameters - Can be set up in boot.config
    "memorysetup-allocator-temp-initial-block-size-main=262144"
    "memorysetup-allocator-temp-initial-block-size-worker=262144"
    "memorysetup-temp-allocator-size-background-worker=32768"
    "memorysetup-temp-allocator-size-job-worker=262144"
    "memorysetup-temp-allocator-size-preload-manager=33554432"
    "memorysetup-temp-allocator-size-nav-mesh-worker=65536"
    "memorysetup-temp-allocator-size-audio-worker=65536"
    "memorysetup-temp-allocator-size-cloud-worker=32768"
    "memorysetup-temp-allocator-size-gi-baking-worker=262144"
    "memorysetup-temp-allocator-size-gi-baking-worker=262144"
    "memorysetup-temp-allocator-size-gi-baking-worker=262144"
    "memorysetup-temp-allocator-size-gi-baking-worker=262144"
    "memorysetup-temp-allocator-size-gi-baking-worker=262144"
    "memorysetup-bucket-allocator-granularity=16"
    "memorysetup-bucket-allocator-bucket-count=8"
    "memorysetup-bucket-allocator-block-size=33554432"
    "memorysetup-bucket-allocator-block-count=8"
    "memorysetup-main-allocator-block-size=16777216"
    "memorysetup-thread-allocator-block-size=16777216"
    "memorysetup-gfx-main-allocator-block-size=16777216"
    "memorysetup-gfx-thread-allocator-block-size=16777216"
    "memorysetup-cache-allocator-block-size=4194304"
    "memorysetup-typetree-allocator-block-size=2097152"
    "memorysetup-profiler-bucket-allocator-granularity=16"
    "memorysetup-profiler-bucket-allocator-bucket-count=8"
    "memorysetup-profiler-bucket-allocator-block-size=33554432"
    "memorysetup-profiler-bucket-allocator-block-count=8"
    "memorysetup-profiler-allocator-block-size=16777216"
    "memorysetup-profiler-editor-allocator-block-size=1048576"
    "memorysetup-temp-allocator-size-main=16777216"
    "memorysetup-job-temp-allocator-block-size=2097152"
    "memorysetup-job-temp-allocator-block-size-background=1048576"
    "memorysetup-job-temp-allocator-reduction-small-platforms=262144"
    "memorysetup-temp-allocator-size-gfx=262144"
Player connection [138883479599936]  Target information:

Player connection [138883479599936]  * "[IP] 10.0.52.185 [Port] 0 [Flags] 2 [Guid] 2570669294 [EditorId] 2570669294 [Version] 1048832 [Id] LinuxEditor(16,10.0.52.185) [Debug] 1 [PackageName] LinuxEditor [ProjectName] Editor" 

Player connection [138883479599936] Host joined multi-casting on [225.0.0.222:54997]...
Player connection [138883479599936] Host joined alternative multi-casting on [225.0.0.222:34997]...
JobSystem: Creating JobQueue using job-worker-count value 7
Input System module state changed to: Initialized.
[Physics::Module] Initialized fallback backend.
[Physics::Module] Id: 0xdecafbad
Library Redirect Path: Library/
[Physics::Module] Selected backend.
[Physics::Module] Name: PhysX
[Physics::Module] Id: 0xf2b8ea05
[Physics::Module] SDK Version: 4.1.2
[Physics::Module] Integration Version: 1.0.0
[Physics::Module] Threading Mode: Multi-Threaded
Refreshing native plugins compatible for Editor in 0.91 ms, found 1 plugins.
Preloading 0 native plugins for Editor in 0.00 ms.
Initialize engine version: 6000.3.6f1 (bbb010bdb8a3)
[Subsystems] Discovering subsystems at path /home/ramzi-mcfarland/Unity/Hub/Editor/6000.3.6f1/Editor/Data/Resources/UnitySubsystems
[Subsystems] Discovering subsystems at path /home/ramzi-mcfarland/GameJamGame/Assets
kGfxThreadingModeNonThreaded is not supported on OpenGL Core. Reverting to kGfxThreadingModeDirect instead.
GfxDevice: creating device client; kGfxThreadingModeDirect
GLX Extensions: GLX_ARB_context_flush_control GLX_ARB_create_context GLX_ARB_create_context_no_error GLX_ARB_create_context_profile GLX_ARB_create_context_robustness GLX_ARB_fbconfig_float GLX_ARB_framebuffer_sRGB GLX_ARB_get_proc_address GLX_ARB_multisample GLX_EXT_buffer_age GLX_EXT_create_context_es2_profile GLX_EXT_create_context_es_profile GLX_EXT_fbconfig_packed_float GLX_EXT_framebuffer_sRGB GLX_EXT_no_config_context GLX_EXT_swap_control GLX_EXT_swap_control_tear GLX_EXT_texture_from_pixmap GLX_EXT_visual_info GLX_EXT_visual_rating GLX_MESA_copy_sub_buffer GLX_MESA_gl_interop GLX_MESA_query_renderer GLX_MESA_swap_control GLX_OML_sync_control GLX_SGIS_multisample GLX_SGIX_fbconfig GLX_SGIX_pbuffer GLX_SGIX_visual_select_group GLX_SGI_make_current_read GLX_SGI_video_sync 
Renderer: AMD Radeon 860M (radeonsi, gfx1152, LLVM 20.1.2, DRM 3.61, 6.14.0-37-generic)
Vendor:   AMD
Version:  4.6 (Core Profile) Mesa 25.0.7-0ubuntu0.24.04.2
GLES:     0
 GL_AMD_conservative_depth GL_AMD_depth_clamp_separate GL_AMD_draw_buffers_blend GL_AMD_gpu_shader_int64 GL_AMD_multi_draw_indirect GL_AMD_pinned_memory GL_AMD_query_buffer_object GL_AMD_seamless_cubemap_per_texture GL_AMD_shader_stencil_export GL_AMD_shader_trinary_minmax GL_AMD_texture_texture4 GL_AMD_vertex_shader_layer GL_AMD_vertex_shader_viewport_index GL_ANGLE_texture_compression_dxt3 GL_ANGLE_texture_compression_dxt5 GL_ARB_ES2_compatibility GL_ARB_ES3_1_compatibility GL_ARB_ES3_2_compatibility GL_ARB_ES3_compatibility GL_ARB_arrays_of_arrays GL_ARB_base_instance GL_ARB_bindless_texture GL_ARB_blend_func_extended GL_ARB_buffer_storage GL_ARB_clear_buffer_object GL_ARB_clear_texture GL_ARB_clip_control GL_ARB_color_buffer_float GL_ARB_compressed_texture_pixel_storage GL_ARB_compute_shader GL_ARB_compute_variable_group_size GL_ARB_conditional_render_inverted GL_ARB_conservative_depth GL_ARB_copy_buffer GL_ARB_copy_image GL_ARB_cull_distance GL_ARB_debug_output GL_ARB_depth_buffer_float GL_ARB_depth_cla
mp GL_ARB_derivative_control GL_ARB_direct_state_access GL_ARB_draw_buffers GL_ARB_draw_buffers_blend GL_ARB_draw_elements_base_vertex GL_ARB_draw_indirect GL_ARB_draw_instanced GL_ARB_enhanced_layouts GL_ARB_explicit_attrib_location GL_ARB_explicit_uniform_location GL_ARB_fragment_coord_conventions GL_ARB_fragment_layer_viewport GL_ARB_fragment_shader GL_ARB_framebuffer_no_attachments GL_ARB_framebuffer_object GL_ARB_framebuffer_sRGB GL_ARB_get_program_binary GL_ARB_get_texture_sub_image GL_ARB_gl_spirv GL_ARB_gpu_shader5 GL_ARB_gpu_shader_fp64 GL_ARB_gpu_shader_int64 GL_ARB_half_float_pixel GL_ARB_half_float_vertex GL_ARB_indirect_parameters GL_ARB_instanced_arrays GL_ARB_internalformat_query GL_ARB_internalformat_query2 GL_ARB_invalidate_subdata GL_ARB_map_buffer_alignment GL_ARB_map_buffer_range GL_ARB_multi_bind GL_ARB_multi_draw_indirect GL_ARB_occlusion_query2 GL_ARB_parallel_shader_compile GL_ARB_pipeline_statistics_query GL_ARB_pixel_buffer_object GL_ARB_point_sprite GL_ARB_polygon_offset_clamp GL_A
RB_post_depth_coverage GL_ARB_program_interface_query GL_ARB_provoking_vertex GL_ARB_query_buffer_object GL_ARB_robust_buffer_access_behavior GL_ARB_robustness GL_ARB_sample_shading GL_ARB_sampler_objects GL_ARB_seamless_cube_map GL_ARB_seamless_cubemap_per_texture GL_ARB_separate_shader_objects GL_ARB_shader_atomic_counter_ops GL_ARB_shader_atomic_counters GL_ARB_shader_ballot GL_ARB_shader_bit_encoding GL_ARB_shader_clock GL_ARB_shader_draw_parameters GL_ARB_shader_group_vote GL_ARB_shader_image_load_store GL_ARB_shader_image_size GL_ARB_shader_objects GL_ARB_shader_precision GL_ARB_shader_stencil_export GL_ARB_shader_storage_buffer_object GL_ARB_shader_subroutine GL_ARB_shader_texture_image_samples GL_ARB_shader_texture_lod GL_ARB_shader_viewport_layer_array GL_ARB_shading_language_420pack GL_ARB_shading_language_include GL_ARB_shading_language_packing GL_ARB_sparse_buffer GL_ARB_sparse_texture GL_ARB_sparse_texture2 GL_ARB_sparse_texture_clamp GL_ARB_spirv_extensions GL_ARB_stencil_texturing GL_ARB_sync 
GL_ARB_tessellation_shader GL_ARB_texture_barrier GL_ARB_texture_border_clamp GL_ARB_texture_buffer_object GL_ARB_texture_buffer_object_rgb32 GL_ARB_texture_buffer_range GL_ARB_texture_compression_bptc GL_ARB_texture_compression_rgtc GL_ARB_texture_cube_map_array GL_ARB_texture_filter_anisotropic GL_ARB_texture_filter_minmax GL_ARB_texture_float GL_ARB_texture_gather GL_ARB_texture_mirror_clamp_to_edge GL_ARB_texture_multisample GL_ARB_texture_non_power_of_two GL_ARB_texture_query_levels GL_ARB_texture_query_lod GL_ARB_texture_rectangle GL_ARB_texture_rg GL_ARB_texture_rgb10_a2ui GL_ARB_texture_stencil8 GL_ARB_texture_storage GL_ARB_texture_storage_multisample GL_ARB_texture_swizzle GL_ARB_texture_view GL_ARB_timer_query GL_ARB_transform_feedback2 GL_ARB_transform_feedback3 GL_ARB_transform_feedback_instanced GL_ARB_transform_feedback_overflow_query GL_ARB_uniform_buffer_object GL_ARB_vertex_array_bgra GL_ARB_vertex_array_object GL_ARB_vertex_attrib_64bit GL_ARB_vertex_attrib_binding GL_ARB_vertex_buffer_obj
ect GL_ARB_vertex_shader GL_ARB_vertex_type_10f_11f_11f_rev GL_ARB_vertex_type_2_10_10_10_rev GL_ARB_viewport_array GL_ATI_blend_equation_separate GL_ATI_meminfo GL_ATI_texture_float GL_ATI_texture_mirror_once GL_EXT_EGL_image_storage GL_EXT_EGL_image_storage_compression GL_EXT_EGL_sync GL_EXT_abgr GL_EXT_blend_equation_separate GL_EXT_debug_label GL_EXT_demote_to_helper_invocation GL_EXT_depth_bounds_test GL_EXT_draw_buffers2 GL_EXT_draw_instanced GL_EXT_framebuffer_blit GL_EXT_framebuffer_multisample GL_EXT_framebuffer_multisample_blit_scaled GL_EXT_framebuffer_object GL_EXT_framebuffer_sRGB GL_EXT_memory_object GL_EXT_memory_object_fd GL_EXT_packed_depth_stencil GL_EXT_packed_float GL_EXT_pixel_buffer_object GL_EXT_polygon_offset_clamp GL_EXT_provoking_vertex GL_EXT_semaphore GL_EXT_semaphore_fd GL_EXT_shader_image_load_formatted GL_EXT_shader_image_load_store GL_EXT_shader_integer_mix GL_EXT_texture_array GL_EXT_texture_compression_dxt1 GL_EXT_texture_compression_rgtc GL_EXT_texture_compression_s3tc GL_E
XT_texture_filter_anisotropic GL_EXT_texture_filter_minmax GL_EXT_texture_integer GL_EXT_texture_mirror_clamp GL_EXT_texture_sRGB GL_EXT_texture_sRGB_R8 GL_EXT_texture_sRGB_RG8 GL_EXT_texture_sRGB_decode GL_EXT_texture_shadow_lod GL_EXT_texture_shared_exponent GL_EXT_texture_snorm GL_EXT_texture_storage GL_EXT_texture_swizzle GL_EXT_timer_query GL_EXT_transform_feedback GL_EXT_vertex_array_bgra GL_EXT_vertex_attrib_64bit GL_EXT_window_rectangles GL_IBM_multimode_draw_arrays GL_INTEL_blackhole_render GL_KHR_blend_equation_advanced GL_KHR_context_flush_control GL_KHR_debug GL_KHR_no_error GL_KHR_parallel_shader_compile GL_KHR_robust_buffer_access_behavior GL_KHR_robustness GL_KHR_shader_subgroup GL_KHR_texture_compression_astc_ldr GL_KHR_texture_compression_astc_sliced_3d GL_MESA_framebuffer_flip_y GL_MESA_pack_invert GL_MESA_shader_integer_functions GL_MESA_texture_const_bandwidth GL_MESA_texture_signed_rgba GL_NVX_gpu_memory_info GL_NV_alpha_to_coverage_dither_control GL_NV_compute_shader_derivatives GL_NV_c
onditional_render GL_NV_copy_image GL_NV_depth_clamp GL_NV_packed_depth_stencil GL_NV_shader_atomic_int64 GL_NV_texture_barrier GL_NV_vdpau_interop GL_OES_EGL_image GL_S3_s3tc
OPENGL LOG: Creating OpenGL 4.6 graphics device ; Context level  <OpenGL 4.5> ; Context handle 977661472
Initialize mono
Mono path[0] = '/home/ramzi-mcfarland/Unity/Hub/Editor/6000.3.6f1/Editor/Data/Managed'
Mono path[1] = '/home/ramzi-mcfarland/Unity/Hub/Editor/6000.3.6f1/Editor/Data/MonoBleedingEdge/lib/mono/unityjit-linux'
Mono config path = '/home/ramzi-mcfarland/Unity/Hub/Editor/6000.3.6f1/Editor/Data/MonoBleedingEdge/etc'
Using monoOptions --debugger-agent=transport=dt_socket,embedding=1,server=y,suspend=n,address=127.0.0.1:56150
Begin MonoManager ReloadAssembly
Registering precompiled unity dll's ...
Register platform support module: /home/ramzi-mcfarland/Unity/Hub/Editor/6000.3.6f1/Editor/Data/PlaybackEngines/WebGLSupport/UnityEditor.WebGL.Extensions.dll
Register platform support module: /home/ramzi-mcfarland/Unity/Hub/Editor/6000.3.6f1/Editor/Data/PlaybackEngines/LinuxStandaloneSupport/UnityEditor.LinuxStandalone.Extensions.dll
Registered in 0.000865 seconds.
- Loaded All Assemblies, in  0.233 seconds
Native extension for LinuxStandalone target not found
Native extension for WebGL target not found
Package Manager log level set to [2]
[Package Manager] Failed to launch server process. Reason: Unity was launched with the -noUpm command-line argument
[Package Manager] Unable to send message (not connected to server process).
[Package Manager] Cannot connect to Unity Package Manager local server
ScheduleIndexationOnStartup MainProcess:False IndexOnStartup:True
Mono: successfully reloaded assembly
- Finished resetting the current domain, in  0.328 seconds
Domain Reload Profiling: 561ms
	BeginReloadAssembly (43ms)
		ExecutionOrderSort (0ms)
		DisableScriptedObjects (0ms)
		BackupInstance (0ms)
		ReleaseScriptingObjects (0ms)
		CreateAndSetChildDomain (1ms)
	RebuildCommonClasses (26ms)
	RebuildNativeTypeToScriptingClass (6ms)
	initialDomainReloadingComplete (34ms)
	LoadAllAssembliesAndSetupDomain (124ms)
		LoadAssemblies (43ms)
		RebuildTransferFunctionScriptingTraits (0ms)
		AnalyzeDomain (121ms)
			TypeCache.Refresh (120ms)
				TypeCache.ScanAssembly (111ms)
			BuildScriptInfoCaches (0ms)
			ResolveRequiredComponents (0ms)
	FinalizeReload (329ms)
		ReleaseScriptCaches (0ms)
		RebuildScriptCaches (0ms)
		SetupLoadedEditorAssemblies (292ms)
			LogAssemblyErrors (0ms)
			InitializePlatformSupportModulesInManaged (63ms)
			SetLoadedEditorAssemblies (3ms)
			BeforeProcessingInitializeOnLoad (60ms)
			ProcessInitializeOnLoadAttributes (124ms)
			ProcessInitializeOnLoadMethodAttributes (42ms)
			AfterProcessingInitializeOnLoad (0ms)
			EditorAssembliesLoaded (0ms)
		ExecutionOrderSort2 (0ms)
		AwakeInstancesAfterBackupRestoration (0ms)
========================================================================
Worker process is ready to serve import requests
Import Worker Mode flag is 0x00
Begin MonoManager ReloadAssembly
[Licensing::Client] Successfully resolved entitlement details
[Licensing::Module] License group:
  Id: 5773980354348-UnityPersXXXX
  Product: Unity Personal
  Type: Assigned
  Expiration: Unlimited
- Loaded All Assemblies, in  0.588 seconds
Refreshing native plugins compatible for Editor in 0.33 ms, found 1 plugins.
Native extension for LinuxStandalone target not found
Native extension for WebGL target not found
[Package Manager] Failed to launch server process. Reason: Unity was launched with the -noUpm command-line argument
[Package Manager] Unable to send message (not connected to server process).
[Package Manager] Cannot connect to Unity Package Manager local server
ScheduleIndexationOnStartup MainProcess:False IndexOnStartup:True
Mono: successfully reloaded assembly
- Finished resetting the current domain, in  0.649 seconds
Domain Reload Profiling: 1235ms
	BeginReloadAssembly (124ms)
		ExecutionOrderSort (0ms)
		DisableScriptedObjects (4ms)
		BackupInstance (0ms)
		ReleaseScriptingObjects (0ms)
		CreateAndSetChildDomain (50ms)
	RebuildCommonClasses (35ms)
	RebuildNativeTypeToScriptingClass (7ms)
	initialDomainReloadingComplete (33ms)
	LoadAllAssembliesAndSetupDomain (387ms)
		LoadAssemblies (191ms)
		RebuildTransferFunctionScriptingTraits (0ms)
		AnalyzeDomain (234ms)
			TypeCache.Refresh (176ms)
				TypeCache.ScanAssembly (165ms)
			BuildScriptInfoCaches (47ms)
			ResolveRequiredComponents (8ms)
	FinalizeReload (649ms)
		ReleaseScriptCaches (0ms)
		RebuildScriptCaches (0ms)
		SetupLoadedEditorAssemblies (539ms)
			LogAssemblyErrors (0ms)
			InitializePlatformSupportModulesInManaged (16ms)
			SetLoadedEditorAssemblies (5ms)
			BeforeProcessingInitializeOnLoad (139ms)
			ProcessInitializeOnLoadAttributes (290ms)
			ProcessInitializeOnLoadMethodAttributes (87ms)
			AfterProcessingInitializeOnLoad (2ms)
			EditorAssembliesLoaded (0ms)
		ExecutionOrderSort2 (0ms)
		AwakeInstancesAfterBackupRestoration (2ms)
AutoLocale: current locale expects 'C' but got 'en_US.UTF-8'Launched and connected shader compiler UnityShaderCompiler after 0.01 seconds
Refreshing native plugins compatible for Editor in 0.60 ms, found 1 plugins.
Preloading 0 native plugins for Editor in 0.00 ms.
Unloading 16 Unused Serialized files (Serialized files now loaded: 0)
Unloading 6920 unused Assets / (4.6 MB). Loaded Objects now: 7771.
Memory consumption went from 145.1 MB to 140.5 MB.
Total: 10.435797 ms (FindLiveObjects: 0.737744 ms CreateObjectMapping: 0.304661 ms MarkObjects: 6.470819 ms  DeleteObjects: 2.921641 ms)

========================================================================
Received Import Request.
  Time since last request: 17121.597159 seconds.
  path: Assets/Scenes/Prefabs/explosion pack 1 (3)/explosion pack 1/Bonus/From explosions pack 2/explosion-b/Sprites/explosion-b1.png
  artifactKey: Guid(b2919b2d130320aef9c17949d78c21b7) Importer(2089858483,b0f066a214c2f5e87bad3c948f4d605d)
Start importing Assets/Scenes/Prefabs/explosion pack 1 (3)/explosion pack 1/Bonus/From explosions pack 2/explosion-b/Sprites/explosion-b1.png using Guid(b2919b2d130320aef9c17949d78c21b7) Importer(2089858483,b0f066a214c2f5e87bad3c948f4d605d) (ScriptedImporter) -> (artifact id: 'd4337eeaa3599c64e1fd00160ccc4a17') in 0.126860401 seconds
Number of updated asset objects reloaded before import = 0Number of asset objects unloaded after import = 3

========================================================================
Received Import Request.
  Time since last request: 0.000047 seconds.
  path: Assets/Scenes/Prefabs/explosion pack 1 (3)/explosion pack 1/Explosions pack/explosion-1-e
  artifactKey: Guid(57987278d7437bab783542cc31d0db4a) Importer(2089858483,b0f066a214c2f5e87bad3c948f4d605d)
Start importing Assets/Scenes/Prefabs/explosion pack 1 (3)/explosion pack 1/Explosions pack/explosion-1-e using Guid(57987278d7437bab783542cc31d0db4a) Importer(2089858483,b0f066a214c2f5e87bad3c948f4d605d) (ScriptedImporter) -> (artifact id: '0c4b309bc2171cf33456b3545e59a4e2') in 0.002561475 seconds
Number of updated asset objects reloaded before import = 0Number of asset objects unloaded after import = 1

========================================================================
Received Import Request.
  Time since last request: 0.000039 seconds.
  path: Assets/Scenes/Prefabs/explosion pack 1 (3)/__MACOSX/explosion pack 1/Explosions pack/explosion-1-a/Sprites
  artifactKey: Guid(d097a1abe92bfbb8ab563c866376bc1e) Importer(2089858483,b0f066a214c2f5e87bad3c948f4d605d)
Start importing Assets/Scenes/Prefabs/explosion pack 1 (3)/__MACOSX/explosion pack 1/Explosions pack/explosion-1-a/Sprites using Guid(d097a1abe92bfbb8ab563c866376bc1e) Importer(2089858483,b0f066a214c2f5e87bad3c948f4d605d) (ScriptedImporter) -> (artifact id: 'f8c9d11d24389c2d85b2b1ef941001ca') in 0.00363028 seconds
Number of updated asset objects reloaded before import = 0Number of asset objects unloaded after import = 1

========================================================================
Received Import Request.
  Time since last request: 0.000032 seconds.
  path: Assets/Scenes/Prefabs/explosion pack 1 (3)/explosion pack 1/Explosions pack/explosion-1-e/Sprites/explosion-e11.png
  artifactKey: Guid(a5e7acf7a54150943a35c9bf62c2a42d) Importer(2089858483,b0f066a214c2f5e87bad3c948f4d605d)
Start importing Assets/Scenes/Prefabs/explosion pack 1 (3)/explosion pack 1/Explosions pack/explosion-1-e/Sprites/explosion-e11.png using Guid(a5e7acf7a54150943a35c9bf62c2a42d) Importer(2089858483,b0f066a214c2f5e87bad3c948f4d605d) (ScriptedImporter) -> (artifact id: 'be9b4a80207c2f58ea5643ff2671ace3') in 0.010412243 seconds
Number of updated asset objects reloaded before import = 0Number of asset objects unloaded after import = 3

========================================================================
Received Import Request.
  Time since last request: 0.000056 seconds.
  path: Assets/Scenes/Prefabs/explosion pack 1 (3)/__MACOSX/explosion pack 1/Explosions pack/explosion-1-g/Sprites
  artifactKey: Guid(5fbfdd4c63f12db39ab8cac660afa7ae) Importer(2089858483,b0f066a214c2f5e87bad3c948f4d605d)
Start importing Assets/Scenes/Prefabs/explosion pack 1 (3)/__MACOSX/explosion pack 1/Explosions pack/explosion-1-g/Sprites using Guid(5fbfdd4c63f12db39ab8cac660afa7ae) Importer(2089858483,b0f066a214c2f5e87bad3c948f4d605d) (ScriptedImporter) -> (artifact id: '5302176c5878699eac77ffa19096f0bc') in 0.002010812 seconds
Number of updated asset objects reloaded before import = 0Number of asset objects unloaded after import = 1

========================================================================
Received Import Request.
  Time since last request: 0.000040 seconds.
  path: Assets/Scenes/Prefabs/explosion pack 1 (3)/__MACOSX/explosion pack 1/Bonus
  artifactKey: Guid(0bd1d53749ea6a87a8cdb1a69032c957) Importer(2089858483,b0f066a214c2f5e87bad3c948f4d605d)
Start importing Assets/Scenes/Prefabs/explosion pack 1 (3)/__MACOSX/explosion pack 1/Bonus using Guid(0bd1d53749ea6a87a8cdb1a69032c957) Importer(2089858483,b0f066a214c2f5e87bad3c948f4d605d) (ScriptedImporter) -> (artifact id: '2b17a4c1e885deaa313d321afc9722d2') in 0.002443945 seconds
Number of updated asset objects reloaded before import = 0Number of asset objects unloaded after import = 1

========================================================================
Received Import Request.
  Time since last request: 0.000012 seconds.
  path: Assets/Scenes/Prefabs/explosion pack 1 (3)/__MACOSX/explosion pack 1/Explosions pack/explosion-1-g
  artifactKey: Guid(9249812145ca29a6f92493d965c92b21) Importer(2089858483,b0f066a214c2f5e87bad3c948f4d605d)
Start importing Assets/Scenes/Prefabs/explosion pack 1 (3)/__MACOSX/explosion pack 1/Explosions pack/explosion-1-g using Guid(9249812145ca29a6f92493d965c92b21) Importer(2089858483,b0f066a214c2f5e87bad3c948f4d605d) (ScriptedImporter) -> (artifact id: '5fa8fb2de70359805fb26fbc8e4c96cd') in 0.003476531 seconds
Number of updated asset objects reloaded before import = 0Number of asset objects unloaded after import = 1

========================================================================
Received Import Request.
  Time since last request: 0.000019 seconds.
  path: Assets/Scenes/Prefabs/explosion pack 1 (3)/explosion pack 1/Explosions pack/explosion-1-d/Sprites/explosion-d6.png
  artifactKey: Guid(d14c5b895954fdd47a28011eb237b409) Importer(2089858483,b0f066a214c2f5e87bad3c948f4d605d)
Start importing Assets/Scenes/Prefabs/explosion pack 1 (3)/explosion pack 1/Explosions pack/explosion-1-d/Sprites/explosion-d6.png using Guid(d14c5b895954fdd47a28011eb237b409) Importer(2089858483,b0f066a214c2f5e87bad3c948f4d605d) (ScriptedImporter) -> (artifact id: '1c6d857b7ac02e840e0b625bf46d24c8') in 0.008841405 seconds
Number of updated asset objects reloaded before import = 0Number of asset objects unloaded after import = 3

========================================================================
Received Import Request.
  Time since last request: 0.000031 seconds.
  path: Assets/Scenes/Prefabs/explosion pack 1 (3)/explosion pack 1/Explosions pack/explosion-1-c/Sprites/explosion-c6.png
  artifactKey: Guid(f31b96a6f8ab6b8068489e2a7e3e9326) Importer(2089858483,b0f066a214c2f5e87bad3c948f4d605d)
Start importing Assets/Scenes/Prefabs/explosion pack 1 (3)/explosion pack 1/Explosions pack/explosion-1-c/Sprites/explosion-c6.png using Guid(f31b96a6f8ab6b8068489e2a7e3e9326) Importer(2089858483,b0f066a214c2f5e87bad3c948f4d605d) (ScriptedImporter) -> (artifact id: '94ec518d0530ac66c3e50b0b2ac9be3d') in 0.009457471 seconds
Number of updated asset objects reloaded before import = 0Number of asset objects unloaded after import = 6

========================================================================
Received Import Request.
  Time since last request: 0.000023 seconds.
  path: Assets/Scenes/Prefabs/explosion pack 1 (3)/explosion pack 1/Bonus/From explosions pack 2/explosion-b/Sprites/explosion-b5.png
  artifactKey: Guid(8034ad0c1347c1a73ad4d5afbf117fce) Importer(2089858483,b0f066a214c2f5e87bad3c948f4d605d)
Start importing Assets/Scenes/Prefabs/explosion pack 1 (3)/explosion pack 1/Bonus/From explosions pack 2/explosion-b/Sprites/explosion-b5.png using Guid(8034ad0c1347c1a73ad4d5afbf117fce) Importer(2089858483,b0f066a214c2f5e87bad3c948f4d605d) (ScriptedImporter) -> (artifact id: 'dedcf7f5e86d5bf35233d613405bfacc') in 0.010662683 seconds
Number of updated asset objects reloaded before import = 0Number of asset objects unloaded after import = 5

========================================================================
Received Import Request.
  Time since last request: 0.000014 seconds.
  path: Assets/Scenes/Prefabs/explosion pack 1 (3)/explosion pack 1/Explosions pack/explosion-1-d/Sprites/explosion-d11.png
  artifactKey: Guid(cfbeacf8e8f7a99c2a45303ef1ff48e5) Importer(2089858483,b0f066a214c2f5e87bad3c948f4d605d)
Start importing Assets/Scenes/Prefabs/explosion pack 1 (3)/explosion pack 1/Explosions pack/explosion-1-d/Sprites/explosion-d11.png using Guid(cfbeacf8e8f7a99c2a45303ef1ff48e5) Importer(2089858483,b0f066a214c2f5e87bad3c948f4d605d) (ScriptedImporter) -> (artifact id: 'c0ff2f2d39934410744b86e7c2f0beae') in 0.009228242 seconds
Number of updated asset objects reloaded before import = 0Number of asset objects unloaded after import = 6

========================================================================
Received Import Request.
  Time since last request: 0.000029 seconds.
  path: Assets/Scenes/Prefabs/explosion pack 1 (3)/explosion pack 1/Explosions pack/explosion-1-d/Sprites/explosion-d8.png
  artifactKey: Guid(ea7ed1f5997b358229d94ff3bcf22fc2) Importer(2089858483,b0f066a214c2f5e87bad3c948f4d605d)
Start importing Assets/Scenes/Prefabs/explosion pack 1 (3)/explosion pack 1/Explosions pack/explosion-1-d/Sprites/explosion-d8.png using Guid(ea7ed1f5997b358229d94ff3bcf22fc2) Importer(2089858483,b0f066a214c2f5e87bad3c948f4d605d) (ScriptedImporter) -> (artifact id: '4b1fc4bfb039b5dbe3e8cbe58452e08c') in 0.009510471 seconds
Number of updated asset objects reloaded before import = 0Number of asset objects unloaded after import = 6

========================================================================
Received Import Request.
  Time since last request: 0.000025 seconds.
  path: Assets/Scenes/Prefabs/explosion pack 1 (3)/__MACOSX/explosion pack 1/Explosions pack/explosion-1-b
  artifactKey: Guid(318b07881c0cd2efb8084bd8cd4bcf73) Importer(2089858483,b0f066a214c2f5e87bad3c948f4d605d)
Start importing Assets/Scenes/Prefabs/explosion pack 1 (3)/__MACOSX/explosion pack 1/Explosions pack/explosion-1-b using Guid(318b07881c0cd2efb8084bd8cd4bcf73) Importer(2089858483,b0f066a214c2f5e87bad3c948f4d605d) (ScriptedImporter) -> (artifact id: 'bd6ce60826a2abb95d4bf2ec1712e8fe') in 0.003103061 seconds
Number of updated asset objects reloaded before import = 0Number of asset objects unloaded after import = 1

========================================================================
Received Import Request.
  Time since last request: 0.000035 seconds.
  path: Assets/Scenes/Prefabs/explosion pack 1 (3)/explosion pack 1/Explosions pack/explosion-1-a/Sprites/explosion-6.png
  artifactKey: Guid(9dce94cfff588bdbabf4bb70c21cc1bc) Importer(2089858483,b0f066a214c2f5e87bad3c948f4d605d)
Start importing Assets/Scenes/Prefabs/explosion pack 1 (3)/explosion pack 1/Explosions pack/explosion-1-a/Sprites/explosion-6.png using Guid(9dce94cfff588bdbabf4bb70c21cc1bc) Importer(2089858483,b0f066a214c2f5e87bad3c948f4d605d) (ScriptedImporter) -> (artifact id: 'd209f613b8c232b03312400783d43d66') in 0.0074258 seconds
Number of updated asset objects reloaded before import = 0Number of asset objects unloaded after import = 3

========================================================================
Received Import Request.
  Time since last request: 0.000023 seconds.
  path: Assets/Scenes/Prefabs/explosion pack 1 (3)/explosion pack 1/Explosions pack/explosion-1-g/Sprites/frame3.png
  artifactKey: Guid(06ab525235c3fa472b50fe4b91664a98) Importer(2089858483,b0f066a214c2f5e87bad3c948f4d605d)
Start importing Assets/Scenes/Prefabs/explosion pack 1 (3)/explosion pack 1/Explosions pack/explosion-1-g/Sprites/frame3.png using Guid(06ab525235c3fa472b50fe4b91664a98) Importer(2089858483,b0f066a214c2f5e87bad3c948f4d605d) (ScriptedImporter) -> (artifact id: 'e6b80fb1edbc185dda3c1bfc52a16dc2') in 0.006441534 seconds
Number of updated asset objects reloaded before import = 0Number of asset objects unloaded after import = 3

========================================================================
Received Import Request.
  Time since last request: 0.000013 seconds.
  path: Assets/Scenes/Prefabs/explosion pack 1 (3)/explosion pack 1/Explosions pack/explosion-1-b
  artifactKey: Guid(296b9e82b3e4e7440be1d1b462f0c0cd) Importer(2089858483,b0f066a214c2f5e87bad3c948f4d605d)
Start importing Assets/Scenes/Prefabs/explosion pack 1 (3)/explosion pack 1/Explosions pack/explosion-1-b using Guid(296b9e82b3e4e7440be1d1b462f0c0cd) Importer(2089858483,b0f066a214c2f5e87bad3c948f4d605d) (ScriptedImporter) -> (artifact id: 'd15e831e3ac07409d4d1a4fa592ec5a0') in 0.002065364 seconds
Number of updated asset objects reloaded before import = 0Number of asset objects unloaded after import = 1

========================================================================
Received Import Request.
  Time since last request: 0.000017 seconds.
  path: Assets/Scenes/Prefabs/explosion pack 1 (3)/explosion pack 1/Looking-for-more.pdf
  artifactKey: Guid(15759a6da9c486bd88127733a8ec04d1) Importer(2089858483,b0f066a214c2f5e87bad3c948f4d605d)
Start importing Assets/Scenes/Prefabs/explosion pack 1 (3)/explosion pack 1/Looking-for-more.pdf using Guid(15759a6da9c486bd88127733a8ec04d1) Importer(2089858483,b0f066a214c2f5e87bad3c948f4d605d) (ScriptedImporter) -> (artifact id: 'c09a386e432e012334a5e73a884f4acf') in 0.002007536 seconds
Number of updated asset objects reloaded before import = 0Number of asset objects unloaded after import = 1

========================================================================
Received Import Request.
  Time since last request: 0.000027 seconds.
  path: Assets/Scenes/Prefabs/explosion pack 1 (3)/explosion pack 1/Explosions pack/explosion-1-g/Sprites/frame5.png
  artifactKey: Guid(b89abfab56f2aa0e78bde7420d60a5bb) Importer(2089858483,b0f066a214c2f5e87bad3c948f4d605d)
Start importing Assets/Scenes/Prefabs/explosion pack 1 (3)/explosion pack 1/Explosions pack/explosion-1-g/Sprites/frame5.png using Guid(b89abfab56f2aa0e78bde7420d60a5bb) Importer(2089858483,b0f066a214c2f5e87bad3c948f4d605d) (ScriptedImporter) -> (artifact id: 'c52564d092580c844ea904d08c380f66') in 0.0088487 seconds
Number of updated asset objects reloaded before import = 0Number of asset objects unloaded after import = 7

========================================================================
Received Import Request.
  Time since last request: 0.000028 seconds.
  path: Assets/Scenes/Prefabs/explosion pack 1 (3)/explosion pack 1/Bonus/From explosions pack 2/explosion-b/Sprites/explosion-b4.png
  artifactKey: Guid(27e023a417bd7a486a7caf65caf914a1) Importer(2089858483,b0f066a214c2f5e87bad3c948f4d605d)
Start importing Assets/Scenes/Prefabs/explosion pack 1 (3)/explosion pack 1/Bonus/From explosions pack 2/explosion-b/Sprites/explosion-b4.png using Guid(27e023a417bd7a486a7caf65caf914a1) Importer(2089858483,b0f066a214c2f5e87bad3c948f4d605d) (ScriptedImporter) -> (artifact id: '017b5da3bbfc006c179be557646da6db') in 0.010653836 seconds
Number of updated asset objects reloaded before import = 0Number of asset objects unloaded after import = 5

========================================================================
Received Import Request.
  Time since last request: 0.000013 seconds.
  path: Assets/Scenes/Prefabs/explosion pack 1 (3)/explosion pack 1/Explosions pack/explosion-1-b/Sprites/explosion-1-b-5.png
  artifactKey: Guid(18abe9ff6182f041f96431ad9a7b393f) Importer(2089858483,b0f066a214c2f5e87bad3c948f4d605d)
Start importing Assets/Scenes/Prefabs/explosion pack 1 (3)/explosion pack 1/Explosions pack/explosion-1-b/Sprites/explosion-1-b-5.png using Guid(18abe9ff6182f041f96431ad9a7b393f) Importer(2089858483,b0f066a214c2f5e87bad3c948f4d605d) (ScriptedImporter) -> (artifact id: '455251b45786e445b3dc22ed23e30424') in 0.006285471 seconds
Number of updated asset objects reloaded before import = 0Number of asset objects unloaded after import = 3

========================================================================
Received Import Request.
  Time since last request: 0.000033 seconds.
  path: Assets/Scenes/Prefabs/explosion pack 1 (3)/explosion pack 1/Explosions pack/explosion-1-f/Sprites/explosion-f6.png
  artifactKey: Guid(4ee1f92f7e5cde7518ecba112b445569) Importer(2089858483,b0f066a214c2f5e87bad3c948f4d605d)
Start importing Assets/Scenes/Prefabs/explosion pack 1 (3)/explosion pack 1/Explosions pack/explosion-1-f/Sprites/explosion-f6.png using Guid(4ee1f92f7e5cde7518ecba112b445569) Importer(2089858483,b0f066a214c2f5e87bad3c948f4d605d) (ScriptedImporter) -> (artifact id: '270de91efc3272451e34b4dcb1fa9c5e') in 0.012824297 seconds
Number of updated asset objects reloaded before import = 0Number of asset objects unloaded after import = 9

========================================================================
Received Import Request.
  Time since last request: 0.000013 seconds.
  path: Assets/Scenes/Prefabs/explosion pack 1 (3)/explosion pack 1/Explosions pack/explosion-1-f/Sprites/explosion-f1.png
  artifactKey: Guid(a27bcc9599df607e18a4939ec3789983) Importer(2089858483,b0f066a214c2f5e87bad3c948f4d605d)
Start importing Assets/Scenes/Prefabs/explosion pack 1 (3)/explosion pack 1/Explosions pack/explosion-1-f/Sprites/explosion-f1.png using Guid(a27bcc9599df607e18a4939ec3789983) Importer(2089858483,b0f066a214c2f5e87bad3c948f4d605d) (ScriptedImporter) -> (artifact id: '50c36e8cb93e54ad53b3b0f7be86ef47') in 0.009333228 seconds
Number of updated asset objects reloaded before import = 0Number of asset objects unloaded after import = 3

========================================================================
Received Import Request.
  Time since last request: 0.000012 seconds.
  path: Assets/Scenes/Prefabs/explosion pack 1 (3)/explosion pack 1/Explosions pack/explosion-1-d/Sprites/explosion-d1.png
  artifactKey: Guid(ec86c74da49315a37a8471f5c058ba0b) Importer(2089858483,b0f066a214c2f5e87bad3c948f4d605d)
Start importing Assets/Scenes/Prefabs/explosion pack 1 (3)/explosion pack 1/Explosions pack/explosion-1-d/Sprites/explosion-d1.png using Guid(ec86c74da49315a37a8471f5c058ba0b) Importer(2089858483,b0f066a214c2f5e87bad3c948f4d605d) (ScriptedImporter) -> (artifact id: 'cd1c82246b9210c41f8f2ee6d3f2a819') in 0.006978842 seconds
Number of updated asset objects reloaded before import = 0Number of asset objects unloaded after import = 3

========================================================================
Received Import Request.
  Time since last request: 0.000018 seconds.
  path: Assets/Scenes/Prefabs/explosion pack 1 (3)/explosion pack 1/Explosions pack/explosion-1-e/Sprites/explosion-e16.png
  artifactKey: Guid(325c656b1fdb93a338bb7ce407cce238) Importer(2089858483,b0f066a214c2f5e87bad3c948f4d605d)
Start importing Assets/Scenes/Prefabs/explosion pack 1 (3)/explosion pack 1/Explosions pack/explosion-1-e/Sprites/explosion-e16.png using Guid(325c656b1fdb93a338bb7ce407cce238) Importer(2089858483,b0f066a214c2f5e87bad3c948f4d605d) (ScriptedImporter) -> (artifact id: '7e9a428b0a563b903936598d2924e0be') in 0.006193469 seconds
Number of updated asset objects reloaded before import = 0Number of asset objects unloaded after import = 3

========================================================================
Received Import Request.
  Time since last request: 0.000023 seconds.
  path: Assets/Scenes/Prefabs/explosion pack 1 (3)/explosion pack 1/Explosions pack/explosion-1-e/Sprites/explosion-e1.png
  artifactKey: Guid(8d914c7a192120644b6ac109e9b77123) Importer(2089858483,b0f066a214c2f5e87bad3c948f4d605d)
Start importing Assets/Scenes/Prefabs/explosion pack 1 (3)/explosion pack 1/Explosions pack/explosion-1-e/Sprites/explosion-e1.png using Guid(8d914c7a192120644b6ac109e9b77123) Importer(2089858483,b0f066a214c2f5e87bad3c948f4d605d) (ScriptedImporter) -> (artifact id: '2daa06d96bf84aa30e45c6019969b7ac') in 0.00650317 seconds
Number of updated asset objects reloaded before import = 0Number of asset objects unloaded after import = 3

========================================================================
Received Import Request.
  Time since last request: 0.000013 seconds.
  path: Assets/Scenes/Prefabs/explosion pack 1 (3)/explosion pack 1/Explosions pack/explosion-1-g/Sprites/frame1.png
  artifactKey: Guid(af9071ce37c6fcd348b3e5c1beaf37ae) Importer(2089858483,b0f066a214c2f5e87bad3c948f4d605d)
Start importing Assets/Scenes/Prefabs/explosion pack 1 (3)/explosion pack 1/Explosions pack/explosion-1-g/Sprites/frame1.png using Guid(af9071ce37c6fcd348b3e5c1beaf37ae) Importer(2089858483,b0f066a214c2f5e87bad3c948f4d605d) (ScriptedImporter) -> (artifact id: 'c0ef6ff17cf1484ac01f30f8b6ef3fcd') in 0.009427174 seconds
Number of updated asset objects reloaded before import = 0Number of asset objects unloaded after import = 3

========================================================================
Received Import Request.
  Time since last request: 0.000019 seconds.
  path: Assets/Scenes/Prefabs/explosion pack 1 (3)/explosion pack 1/Explosions pack/explosion-1-e/explosion-5.png
  artifactKey: Guid(0d45a6f1c9f9d7c1fbd4922fc7310beb) Importer(2089858483,b0f066a214c2f5e87bad3c948f4d605d)
Start importing Assets/Scenes/Prefabs/explosion pack 1 (3)/explosion pack 1/Explosions pack/explosion-1-e/explosion-5.png using Guid(0d45a6f1c9f9d7c1fbd4922fc7310beb) Importer(2089858483,b0f066a214c2f5e87bad3c948f4d605d) (ScriptedImporter) -> (artifact id: 'c91f8c5c9459ba47a285ba4e9f5aa564') in 0.024895822 seconds
Number of updated asset objects reloaded before import = 0Number of asset objects unloaded after import = 17

========================================================================
Received Import Request.
  Time since last request: 0.000019 seconds.
  path: Assets/Scenes/Prefabs/explosion pack 1 (3)/explosion pack 1/Explosions pack/explosion-1-f/Sprites/explosion-f8.png
  artifactKey: Guid(d90a602ff3fcf66339ab63d38aa93bf6) Importer(2089858483,b0f066a214c2f5e87bad3c948f4d605d)
Start importing Assets/Scenes/Prefabs/explosion pack 1 (3)/explosion pack 1/Explosions pack/explosion-1-f/Sprites/explosion-f8.png using Guid(d90a602ff3fcf66339ab63d38aa93bf6) Importer(2089858483,b0f066a214c2f5e87bad3c948f4d605d) (ScriptedImporter) -> (artifact id: '3c402f0b834df3695d9be6c1543be0e8') in 0.010645249 seconds
Number of updated asset objects reloaded before import = 0Number of asset objects unloaded after import = 4

========================================================================
Received Import Request.
  Time since last request: 0.000016 seconds.
  path: Assets/Scenes/Prefabs/explosion pack 1 (3)/explosion pack 1/Explosions pack/explosion-1-e/Sprites/explosion-e12.png
  artifactKey: Guid(b90ae5efeccd89f959782868f70aa250) Importer(2089858483,b0f066a214c2f5e87bad3c948f4d605d)
Start importing Assets/Scenes/Prefabs/explosion pack 1 (3)/explosion pack 1/Explosions pack/explosion-1-e/Sprites/explosion-e12.png using Guid(b90ae5efeccd89f959782868f70aa250) Importer(2089858483,b0f066a214c2f5e87bad3c948f4d605d) (ScriptedImporter) -> (artifact id: 'b73c398bf9e2c61e2aa72a2ca0c4d539') in 0.00761803 seconds
Number of updated asset objects reloaded before import = 0Number of asset objects unloaded after import = 3

========================================================================
Received Import Request.
  Time since last request: 0.000015 seconds.
  path: Assets/Scenes/Prefabs/explosion pack 1 (3)/explosion pack 1/Explosions pack/explosion-1-g/spritesheet.png
  artifactKey: Guid(593ee0753d5526f1eb17e7b1c501b96f) Importer(2089858483,b0f066a214c2f5e87bad3c948f4d605d)
Start importing Assets/Scenes/Prefabs/explosion pack 1 (3)/explosion pack 1/Explosions pack/explosion-1-g/spritesheet.png using Guid(593ee0753d5526f1eb17e7b1c501b96f) Importer(2089858483,b0f066a214c2f5e87bad3c948f4d605d) (ScriptedImporter) -> (artifact id: '04a7a096bbf38455190d25efd0d47e3e') in 0.026218274 seconds
Number of updated asset objects reloaded before import = 0Number of asset objects unloaded after import = 21

========================================================================
Received Import Request.
  Time since last request: 0.000034 seconds.
  path: Assets/Scenes/Prefabs/explosion pack 1 (3)/explosion pack 1/Explosions pack/explosion-1-c/Sprites/explosion-c10.png
  artifactKey: Guid(56f0c2dcc953c40debd34525024a4759) Importer(2089858483,b0f066a214c2f5e87bad3c948f4d605d)
Start importing Assets/Scenes/Prefabs/explosion pack 1 (3)/explosion pack 1/Explosions pack/explosion-1-c/Sprites/explosion-c10.png using Guid(56f0c2dcc953c40debd34525024a4759) Importer(2089858483,b0f066a214c2f5e87bad3c948f4d605d) (ScriptedImporter) -> (artifact id: '9897ccfde472eedf9a4eb07af42de847') in 0.007754978 seconds
Number of updated asset objects reloaded before import = 0Number of asset objects unloaded after import = 4

========================================================================
Received Import Request.
  Time since last request: 0.000048 seconds.
  path: Assets/Scenes/Prefabs/explosion pack 1 (3)/explosion pack 1/Explosions pack/explosion-1-c/spritesheet.png
  artifactKey: Guid(ad81ec4e18d8db023a8c47e9a1309751) Importer(2089858483,b0f066a214c2f5e87bad3c948f4d605d)
Start importing Assets/Scenes/Prefabs/explosion pack 1 (3)/explosion pack 1/Explosions pack/explosion-1-c/spritesheet.png using Guid(ad81ec4e18d8db023a8c47e9a1309751) Importer(2089858483,b0f066a214c2f5e87bad3c948f4d605d) (ScriptedImporter) -> (artifact id: '665f046e18866b179d6c7fb55f3dd087') in 0.025303798 seconds
Number of updated asset objects reloaded before import = 0Number of asset objects unloaded after import = 31

========================================================================
Received Import Request.
  Time since last request: 0.000029 seconds.
  path: Assets/Scenes/Prefabs/explosion pack 1 (3)/explosion pack 1/Explosions pack/explosion-1-g/Preview.gif
  artifactKey: Guid(7bc875581197492238f460b783d04dc7) Importer(2089858483,b0f066a214c2f5e87bad3c948f4d605d)
Start importing Assets/Scenes/Prefabs/explosion pack 1 (3)/explosion pack 1/Explosions pack/explosion-1-g/Preview.gif using Guid(7bc875581197492238f460b783d04dc7) Importer(2089858483,b0f066a214c2f5e87bad3c948f4d605d) (ScriptedImporter) -> (artifact id: 'b415478abc649d76108ccadda8952f72') in 0.009559073 seconds
Number of updated asset objects reloaded before import = 0Number of asset objects unloaded after import = 3

