Unity Editor version:    6000.3.6f1 (bbb010bdb8a3)
Branch:                  6000.3/respin/6000.3.6f1-732c1ec89f18
Build type:              Release
Batch mode:              YES
System name:             Linux
Distro version:          #37~24.04.1-Ubuntu SMP PREEMPT_DYNAMIC Thu Nov 20 10:25:38 UTC 2
Kernel version:          6.14.0-37-generic
Architecture:            x86_64
Window Protocol:         Wayland (XWayland)
Available memory:        15271 MB
Date:                    2026-02-02T14:44:30Z
[Licensing::Module] Trying to connect to existing licensing client channel...
[Licensing::IpcConnector] Successfully connected to: "LicenseClient-ramzi-mcfarland" at "2026-02-02T14:44:30.590015Z"
[SignatureVerifier] Application signature verification not supported on this platform.
[Licensing::Client] Handshaking with LicensingClient:
  Version:                 1.17.4+4293ba1
  Session Id:              ad013e092f7a4404af7be7ee1688506a
  Correlation Id:          f462f6c7a57689614e7523efce07541a
  External correlation Id: 2119676025774058114
  Machine Id:              iKrWbb7xtPPk46z8ONi0XYdOAR0=
[Licensing::Module] Successfully connected to LicensingClient on channel: "LicenseClient-ramzi-mcfarland" (connect: 0.00s, validation: 0.00s, handshake: 0.00s)
[Licensing::IpcConnector] Successfully connected to: "LicenseClient-ramzi-mcfarland-notifications" at "2026-02-02T14:44:30.591624Z"
[Licensing::Module] Licensing Background thread has ended after 0.00s
Selected window backend: (null) 
Desktop is 2880 x 1920 @ 60 Hz
Initialize udev device monitor.

COMMAND LINE ARGUMENTS:
Unity
-adb2
-batchMode
-noUpm
-name
AssetImportWorker1
-projectPath
/home/ramzi-mcfarland/GameJamGame
-logFile
Logs/AssetImportWorker1.log
-srvPort
44879
-licensingIpc
LicenseClient-ramzi-mcfarland
-job-worker-count
7
-background-job-worker-count
8
-gc-helper-count
1
Successfully changed project path to: /home/ramzi-mcfarland/GameJamGame
/home/ramzi-mcfarland/GameJamGame
[UnityMemory] Configuration Parameters - Can be set up in boot.config
    "memorysetup-allocator-temp-initial-block-size-main=262144"
    "memorysetup-allocator-temp-initial-block-size-worker=262144"
    "memorysetup-temp-allocator-size-background-worker=32768"
    "memorysetup-temp-allocator-size-job-worker=262144"
    "memorysetup-temp-allocator-size-preload-manager=33554432"
    "memorysetup-temp-allocator-size-nav-mesh-worker=65536"
    "memorysetup-temp-allocator-size-audio-worker=65536"
    "memorysetup-temp-allocator-size-cloud-worker=32768"
    "memorysetup-temp-allocator-size-gi-baking-worker=262144"
    "memorysetup-temp-allocator-size-gi-baking-worker=262144"
    "memorysetup-temp-allocator-size-gi-baking-worker=262144"
    "memorysetup-temp-allocator-size-gi-baking-worker=262144"
    "memorysetup-temp-allocator-size-gi-baking-worker=262144"
    "memorysetup-bucket-allocator-granularity=16"
    "memorysetup-bucket-allocator-bucket-count=8"
    "memorysetup-bucket-allocator-block-size=33554432"
    "memorysetup-bucket-allocator-block-count=8"
    "memorysetup-main-allocator-block-size=16777216"
    "memorysetup-thread-allocator-block-size=16777216"
    "memorysetup-gfx-main-allocator-block-size=16777216"
    "memorysetup-gfx-thread-allocator-block-size=16777216"
    "memorysetup-cache-allocator-block-size=4194304"
    "memorysetup-typetree-allocator-block-size=2097152"
    "memorysetup-profiler-bucket-allocator-granularity=16"
    "memorysetup-profiler-bucket-allocator-bucket-count=8"
    "memorysetup-profiler-bucket-allocator-block-size=33554432"
    "memorysetup-profiler-bucket-allocator-block-count=8"
    "memorysetup-profiler-allocator-block-size=16777216"
    "memorysetup-profiler-editor-allocator-block-size=1048576"
    "memorysetup-temp-allocator-size-main=16777216"
    "memorysetup-job-temp-allocator-block-size=2097152"
    "memorysetup-job-temp-allocator-block-size-background=1048576"
    "memorysetup-job-temp-allocator-reduction-small-platforms=262144"
    "memorysetup-temp-allocator-size-gfx=262144"
Player connection [135928076737344]  Target information:

Player connection [135928076737344]  * "[IP] 10.0.52.185 [Port] 0 [Flags] 2 [Guid] 2085271797 [EditorId] 2085271797 [Version] 1048832 [Id] LinuxEditor(16,10.0.52.185) [Debug] 1 [PackageName] LinuxEditor [ProjectName] Editor" 

Player connection [135928076737344] Host joined multi-casting on [225.0.0.222:54997]...
Player connection [135928076737344] Host joined alternative multi-casting on [225.0.0.222:34997]...
JobSystem: Creating JobQueue using job-worker-count value 7
Input System module state changed to: Initialized.
[Physics::Module] Initialized fallback backend.
[Physics::Module] Id: 0xdecafbad
Library Redirect Path: Library/
[Physics::Module] Selected backend.
[Physics::Module] Name: PhysX
[Physics::Module] Id: 0xf2b8ea05
[Physics::Module] SDK Version: 4.1.2
[Physics::Module] Integration Version: 1.0.0
[Physics::Module] Threading Mode: Multi-Threaded
Refreshing native plugins compatible for Editor in 0.95 ms, found 1 plugins.
Preloading 0 native plugins for Editor in 0.00 ms.
Initialize engine version: 6000.3.6f1 (bbb010bdb8a3)
[Subsystems] Discovering subsystems at path /home/ramzi-mcfarland/Unity/Hub/Editor/6000.3.6f1/Editor/Data/Resources/UnitySubsystems
[Subsystems] Discovering subsystems at path /home/ramzi-mcfarland/GameJamGame/Assets
kGfxThreadingModeNonThreaded is not supported on OpenGL Core. Reverting to kGfxThreadingModeDirect instead.
GfxDevice: creating device client; kGfxThreadingModeDirect
GLX Extensions: GLX_ARB_context_flush_control GLX_ARB_create_context GLX_ARB_create_context_no_error GLX_ARB_create_context_profile GLX_ARB_create_context_robustness GLX_ARB_fbconfig_float GLX_ARB_framebuffer_sRGB GLX_ARB_get_proc_address GLX_ARB_multisample GLX_EXT_buffer_age GLX_EXT_create_context_es2_profile GLX_EXT_create_context_es_profile GLX_EXT_fbconfig_packed_float GLX_EXT_framebuffer_sRGB GLX_EXT_no_config_context GLX_EXT_swap_control GLX_EXT_swap_control_tear GLX_EXT_texture_from_pixmap GLX_EXT_visual_info GLX_EXT_visual_rating GLX_MESA_copy_sub_buffer GLX_MESA_gl_interop GLX_MESA_query_renderer GLX_MESA_swap_control GLX_OML_sync_control GLX_SGIS_multisample GLX_SGIX_fbconfig GLX_SGIX_pbuffer GLX_SGIX_visual_select_group GLX_SGI_make_current_read GLX_SGI_video_sync 
Renderer: AMD Radeon 860M (radeonsi, gfx1152, LLVM 20.1.2, DRM 3.61, 6.14.0-37-generic)
Vendor:   AMD
Version:  4.6 (Core Profile) Mesa 25.0.7-0ubuntu0.24.04.2
GLES:     0
 GL_AMD_conservative_depth GL_AMD_depth_clamp_separate GL_AMD_draw_buffers_blend GL_AMD_gpu_shader_int64 GL_AMD_multi_draw_indirect GL_AMD_pinned_memory GL_AMD_query_buffer_object GL_AMD_seamless_cubemap_per_texture GL_AMD_shader_stencil_export GL_AMD_shader_trinary_minmax GL_AMD_texture_texture4 GL_AMD_vertex_shader_layer GL_AMD_vertex_shader_viewport_index GL_ANGLE_texture_compression_dxt3 GL_ANGLE_texture_compression_dxt5 GL_ARB_ES2_compatibility GL_ARB_ES3_1_compatibility GL_ARB_ES3_2_compatibility GL_ARB_ES3_compatibility GL_ARB_arrays_of_arrays GL_ARB_base_instance GL_ARB_bindless_texture GL_ARB_blend_func_extended GL_ARB_buffer_storage GL_ARB_clear_buffer_object GL_ARB_clear_texture GL_ARB_clip_control GL_ARB_color_buffer_float GL_ARB_compressed_texture_pixel_storage GL_ARB_compute_shader GL_ARB_compute_variable_group_size GL_ARB_conditional_render_inverted GL_ARB_conservative_depth GL_ARB_copy_buffer GL_ARB_copy_image GL_ARB_cull_distance GL_ARB_debug_output GL_ARB_depth_buffer_float GL_ARB_depth_cla
mp GL_ARB_derivative_control GL_ARB_direct_state_access GL_ARB_draw_buffers GL_ARB_draw_buffers_blend GL_ARB_draw_elements_base_vertex GL_ARB_draw_indirect GL_ARB_draw_instanced GL_ARB_enhanced_layouts GL_ARB_explicit_attrib_location GL_ARB_explicit_uniform_location GL_ARB_fragment_coord_conventions GL_ARB_fragment_layer_viewport GL_ARB_fragment_shader GL_ARB_framebuffer_no_attachments GL_ARB_framebuffer_object GL_ARB_framebuffer_sRGB GL_ARB_get_program_binary GL_ARB_get_texture_sub_image GL_ARB_gl_spirv GL_ARB_gpu_shader5 GL_ARB_gpu_shader_fp64 GL_ARB_gpu_shader_int64 GL_ARB_half_float_pixel GL_ARB_half_float_vertex GL_ARB_indirect_parameters GL_ARB_instanced_arrays GL_ARB_internalformat_query GL_ARB_internalformat_query2 GL_ARB_invalidate_subdata GL_ARB_map_buffer_alignment GL_ARB_map_buffer_range GL_ARB_multi_bind GL_ARB_multi_draw_indirect GL_ARB_occlusion_query2 GL_ARB_parallel_shader_compile GL_ARB_pipeline_statistics_query GL_ARB_pixel_buffer_object GL_ARB_point_sprite GL_ARB_polygon_offset_clamp GL_A
RB_post_depth_coverage GL_ARB_program_interface_query GL_ARB_provoking_vertex GL_ARB_query_buffer_object GL_ARB_robust_buffer_access_behavior GL_ARB_robustness GL_ARB_sample_shading GL_ARB_sampler_objects GL_ARB_seamless_cube_map GL_ARB_seamless_cubemap_per_texture GL_ARB_separate_shader_objects GL_ARB_shader_atomic_counter_ops GL_ARB_shader_atomic_counters GL_ARB_shader_ballot GL_ARB_shader_bit_encoding GL_ARB_shader_clock GL_ARB_shader_draw_parameters GL_ARB_shader_group_vote GL_ARB_shader_image_load_store GL_ARB_shader_image_size GL_ARB_shader_objects GL_ARB_shader_precision GL_ARB_shader_stencil_export GL_ARB_shader_storage_buffer_object GL_ARB_shader_subroutine GL_ARB_shader_texture_image_samples GL_ARB_shader_texture_lod GL_ARB_shader_viewport_layer_array GL_ARB_shading_language_420pack GL_ARB_shading_language_include GL_ARB_shading_language_packing GL_ARB_sparse_buffer GL_ARB_sparse_texture GL_ARB_sparse_texture2 GL_ARB_sparse_texture_clamp GL_ARB_spirv_extensions GL_ARB_stencil_texturing GL_ARB_sync 
GL_ARB_tessellation_shader GL_ARB_texture_barrier GL_ARB_texture_border_clamp GL_ARB_texture_buffer_object GL_ARB_texture_buffer_object_rgb32 GL_ARB_texture_buffer_range GL_ARB_texture_compression_bptc GL_ARB_texture_compression_rgtc GL_ARB_texture_cube_map_array GL_ARB_texture_filter_anisotropic GL_ARB_texture_filter_minmax GL_ARB_texture_float GL_ARB_texture_gather GL_ARB_texture_mirror_clamp_to_edge GL_ARB_texture_multisample GL_ARB_texture_non_power_of_two GL_ARB_texture_query_levels GL_ARB_texture_query_lod GL_ARB_texture_rectangle GL_ARB_texture_rg GL_ARB_texture_rgb10_a2ui GL_ARB_texture_stencil8 GL_ARB_texture_storage GL_ARB_texture_storage_multisample GL_ARB_texture_swizzle GL_ARB_texture_view GL_ARB_timer_query GL_ARB_transform_feedback2 GL_ARB_transform_feedback3 GL_ARB_transform_feedback_instanced GL_ARB_transform_feedback_overflow_query GL_ARB_uniform_buffer_object GL_ARB_vertex_array_bgra GL_ARB_vertex_array_object GL_ARB_vertex_attrib_64bit GL_ARB_vertex_attrib_binding GL_ARB_vertex_buffer_obj
ect GL_ARB_vertex_shader GL_ARB_vertex_type_10f_11f_11f_rev GL_ARB_vertex_type_2_10_10_10_rev GL_ARB_viewport_array GL_ATI_blend_equation_separate GL_ATI_meminfo GL_ATI_texture_float GL_ATI_texture_mirror_once GL_EXT_EGL_image_storage GL_EXT_EGL_image_storage_compression GL_EXT_EGL_sync GL_EXT_abgr GL_EXT_blend_equation_separate GL_EXT_debug_label GL_EXT_demote_to_helper_invocation GL_EXT_depth_bounds_test GL_EXT_draw_buffers2 GL_EXT_draw_instanced GL_EXT_framebuffer_blit GL_EXT_framebuffer_multisample GL_EXT_framebuffer_multisample_blit_scaled GL_EXT_framebuffer_object GL_EXT_framebuffer_sRGB GL_EXT_memory_object GL_EXT_memory_object_fd GL_EXT_packed_depth_stencil GL_EXT_packed_float GL_EXT_pixel_buffer_object GL_EXT_polygon_offset_clamp GL_EXT_provoking_vertex GL_EXT_semaphore GL_EXT_semaphore_fd GL_EXT_shader_image_load_formatted GL_EXT_shader_image_load_store GL_EXT_shader_integer_mix GL_EXT_texture_array GL_EXT_texture_compression_dxt1 GL_EXT_texture_compression_rgtc GL_EXT_texture_compression_s3tc GL_E
XT_texture_filter_anisotropic GL_EXT_texture_filter_minmax GL_EXT_texture_integer GL_EXT_texture_mirror_clamp GL_EXT_texture_sRGB GL_EXT_texture_sRGB_R8 GL_EXT_texture_sRGB_RG8 GL_EXT_texture_sRGB_decode GL_EXT_texture_shadow_lod GL_EXT_texture_shared_exponent GL_EXT_texture_snorm GL_EXT_texture_storage GL_EXT_texture_swizzle GL_EXT_timer_query GL_EXT_transform_feedback GL_EXT_vertex_array_bgra GL_EXT_vertex_attrib_64bit GL_EXT_window_rectangles GL_IBM_multimode_draw_arrays GL_INTEL_blackhole_render GL_KHR_blend_equation_advanced GL_KHR_context_flush_control GL_KHR_debug GL_KHR_no_error GL_KHR_parallel_shader_compile GL_KHR_robust_buffer_access_behavior GL_KHR_robustness GL_KHR_shader_subgroup GL_KHR_texture_compression_astc_ldr GL_KHR_texture_compression_astc_sliced_3d GL_MESA_framebuffer_flip_y GL_MESA_pack_invert GL_MESA_shader_integer_functions GL_MESA_texture_const_bandwidth GL_MESA_texture_signed_rgba GL_NVX_gpu_memory_info GL_NV_alpha_to_coverage_dither_control GL_NV_compute_shader_derivatives GL_NV_c
onditional_render GL_NV_copy_image GL_NV_depth_clamp GL_NV_packed_depth_stencil GL_NV_shader_atomic_int64 GL_NV_texture_barrier GL_NV_vdpau_interop GL_OES_EGL_image GL_S3_s3tc
OPENGL LOG: Creating OpenGL 4.6 graphics device ; Context level  <OpenGL 4.5> ; Context handle 1758984128
Initialize mono
Mono path[0] = '/home/ramzi-mcfarland/Unity/Hub/Editor/6000.3.6f1/Editor/Data/Managed'
Mono path[1] = '/home/ramzi-mcfarland/Unity/Hub/Editor/6000.3.6f1/Editor/Data/MonoBleedingEdge/lib/mono/unityjit-linux'
Mono config path = '/home/ramzi-mcfarland/Unity/Hub/Editor/6000.3.6f1/Editor/Data/MonoBleedingEdge/etc'
Using monoOptions --debugger-agent=transport=dt_socket,embedding=1,server=y,suspend=n,address=127.0.0.1:56124
Begin MonoManager ReloadAssembly
Registering precompiled unity dll's ...
Register platform support module: /home/ramzi-mcfarland/Unity/Hub/Editor/6000.3.6f1/Editor/Data/PlaybackEngines/WebGLSupport/UnityEditor.WebGL.Extensions.dll
Register platform support module: /home/ramzi-mcfarland/Unity/Hub/Editor/6000.3.6f1/Editor/Data/PlaybackEngines/LinuxStandaloneSupport/UnityEditor.LinuxStandalone.Extensions.dll
Registered in 0.000870 seconds.
- Loaded All Assemblies, in  0.254 seconds
Native extension for LinuxStandalone target not found
Native extension for WebGL target not found
Package Manager log level set to [2]
[Package Manager] Failed to launch server process. Reason: Unity was launched with the -noUpm command-line argument
[Package Manager] Unable to send message (not connected to server process).
[Package Manager] Cannot connect to Unity Package Manager local server
ScheduleIndexationOnStartup MainProcess:False IndexOnStartup:True
Mono: successfully reloaded assembly
- Finished resetting the current domain, in  0.368 seconds
Domain Reload Profiling: 622ms
	BeginReloadAssembly (54ms)
		ExecutionOrderSort (0ms)
		DisableScriptedObjects (0ms)
		BackupInstance (0ms)
		ReleaseScriptingObjects (0ms)
		CreateAndSetChildDomain (1ms)
	RebuildCommonClasses (34ms)
	RebuildNativeTypeToScriptingClass (6ms)
	initialDomainReloadingComplete (35ms)
	LoadAllAssembliesAndSetupDomain (126ms)
		LoadAssemblies (53ms)
		RebuildTransferFunctionScriptingTraits (0ms)
		AnalyzeDomain (123ms)
			TypeCache.Refresh (122ms)
				TypeCache.ScanAssembly (113ms)
			BuildScriptInfoCaches (0ms)
			ResolveRequiredComponents (0ms)
	FinalizeReload (369ms)
		ReleaseScriptCaches (0ms)
		RebuildScriptCaches (0ms)
		SetupLoadedEditorAssemblies (334ms)
			LogAssemblyErrors (0ms)
			InitializePlatformSupportModulesInManaged (61ms)
			SetLoadedEditorAssemblies (3ms)
			BeforeProcessingInitializeOnLoad (60ms)
			ProcessInitializeOnLoadAttributes (163ms)
			ProcessInitializeOnLoadMethodAttributes (48ms)
			AfterProcessingInitializeOnLoad (0ms)
			EditorAssembliesLoaded (0ms)
		ExecutionOrderSort2 (0ms)
		AwakeInstancesAfterBackupRestoration (0ms)
========================================================================
Worker process is ready to serve import requests
Import Worker Mode flag is 0x00
Begin MonoManager ReloadAssembly
[Licensing::Client] Successfully resolved entitlement details
[Licensing::Module] License group:
  Id: 5773980354348-UnityPersXXXX
  Product: Unity Personal
  Type: Assigned
  Expiration: Unlimited
- Loaded All Assemblies, in  0.575 seconds
Refreshing native plugins compatible for Editor in 0.35 ms, found 1 plugins.
Native extension for LinuxStandalone target not found
Native extension for WebGL target not found
[Package Manager] Failed to launch server process. Reason: Unity was launched with the -noUpm command-line argument
[Package Manager] Unable to send message (not connected to server process).
[Package Manager] Cannot connect to Unity Package Manager local server
ScheduleIndexationOnStartup MainProcess:False IndexOnStartup:True
Mono: successfully reloaded assembly
- Finished resetting the current domain, in  0.638 seconds
Domain Reload Profiling: 1212ms
	BeginReloadAssembly (114ms)
		ExecutionOrderSort (0ms)
		DisableScriptedObjects (4ms)
		BackupInstance (0ms)
		ReleaseScriptingObjects (0ms)
		CreateAndSetChildDomain (41ms)
	RebuildCommonClasses (33ms)
	RebuildNativeTypeToScriptingClass (6ms)
	initialDomainReloadingComplete (32ms)
	LoadAllAssembliesAndSetupDomain (388ms)
		LoadAssemblies (197ms)
		RebuildTransferFunctionScriptingTraits (0ms)
		AnalyzeDomain (231ms)
			TypeCache.Refresh (166ms)
				TypeCache.ScanAssembly (155ms)
			BuildScriptInfoCaches (53ms)
			ResolveRequiredComponents (9ms)
	FinalizeReload (638ms)
		ReleaseScriptCaches (0ms)
		RebuildScriptCaches (0ms)
		SetupLoadedEditorAssemblies (524ms)
			LogAssemblyErrors (0ms)
			InitializePlatformSupportModulesInManaged (16ms)
			SetLoadedEditorAssemblies (5ms)
			BeforeProcessingInitializeOnLoad (125ms)
			ProcessInitializeOnLoadAttributes (272ms)
			ProcessInitializeOnLoadMethodAttributes (103ms)
			AfterProcessingInitializeOnLoad (2ms)
			EditorAssembliesLoaded (0ms)
		ExecutionOrderSort2 (0ms)
		AwakeInstancesAfterBackupRestoration (3ms)
AutoLocale: current locale expects 'C' but got 'en_US.UTF-8'Launched and connected shader compiler UnityShaderCompiler after 0.01 seconds
Refreshing native plugins compatible for Editor in 0.41 ms, found 1 plugins.
Preloading 0 native plugins for Editor in 0.00 ms.
Unloading 16 Unused Serialized files (Serialized files now loaded: 0)
Unloading 6920 unused Assets / (6.2 MB). Loaded Objects now: 7771.
Memory consumption went from 145.0 MB to 138.9 MB.
Total: 12.025800 ms (FindLiveObjects: 0.820008 ms CreateObjectMapping: 0.479410 ms MarkObjects: 6.922696 ms  DeleteObjects: 3.802383 ms)

========================================================================
Received Import Request.
  Time since last request: 17121.504886 seconds.
  path: Assets/Scenes/Prefabs/explosion pack 1 (3)/explosion pack 1
  artifactKey: Guid(fe6b351cc5a23da6ca7182265ab7fbf5) Importer(2089858483,b0f066a214c2f5e87bad3c948f4d605d)
Start importing Assets/Scenes/Prefabs/explosion pack 1 (3)/explosion pack 1 using Guid(fe6b351cc5a23da6ca7182265ab7fbf5) Importer(2089858483,b0f066a214c2f5e87bad3c948f4d605d) (ScriptedImporter) -> (artifact id: '1fe4d7f06fad7570234e1c1cccc26521') in 0.034179118 seconds
Number of updated asset objects reloaded before import = 0Number of asset objects unloaded after import = 1

========================================================================
Received Import Request.
  Time since last request: 0.000027 seconds.
  path: Assets/Scenes/Prefabs/explosion pack 1 (3)/explosion pack 1/Explosions pack/explosion-1-b/Preview.gif
  artifactKey: Guid(31f6439b891ed8f078292cca64dcb001) Importer(2089858483,b0f066a214c2f5e87bad3c948f4d605d)
Start importing Assets/Scenes/Prefabs/explosion pack 1 (3)/explosion pack 1/Explosions pack/explosion-1-b/Preview.gif using Guid(31f6439b891ed8f078292cca64dcb001) Importer(2089858483,b0f066a214c2f5e87bad3c948f4d605d) (ScriptedImporter) -> (artifact id: '80c2be4d9116913e078a9d7a489d4bdb') in 0.074943849 seconds
Number of updated asset objects reloaded before import = 0Number of asset objects unloaded after import = 3

========================================================================
Received Import Request.
  Time since last request: 0.000011 seconds.
  path: Assets/Scenes/Prefabs/explosion pack 1 (3)/explosion pack 1/Explosions pack/explosion-1-a/Sprites/explosion-5.png
  artifactKey: Guid(2272937c96e83cd5694dd145485c742f) Importer(2089858483,b0f066a214c2f5e87bad3c948f4d605d)
Start importing Assets/Scenes/Prefabs/explosion pack 1 (3)/explosion pack 1/Explosions pack/explosion-1-a/Sprites/explosion-5.png using Guid(2272937c96e83cd5694dd145485c742f) Importer(2089858483,b0f066a214c2f5e87bad3c948f4d605d) (ScriptedImporter) -> (artifact id: '79ed08479935cc93e855768ed7da6d63') in 0.007432593 seconds
Number of updated asset objects reloaded before import = 0Number of asset objects unloaded after import = 3

========================================================================
Received Import Request.
  Time since last request: 0.000012 seconds.
  path: Assets/Scenes/Prefabs/explosion pack 1 (3)/explosion pack 1/Explosions pack/explosion-1-c/Sprites/explosion-c2.png
  artifactKey: Guid(cc6ce883494ffd98c95919a7a8b64fa4) Importer(2089858483,b0f066a214c2f5e87bad3c948f4d605d)
Start importing Assets/Scenes/Prefabs/explosion pack 1 (3)/explosion pack 1/Explosions pack/explosion-1-c/Sprites/explosion-c2.png using Guid(cc6ce883494ffd98c95919a7a8b64fa4) Importer(2089858483,b0f066a214c2f5e87bad3c948f4d605d) (ScriptedImporter) -> (artifact id: '8da9ef8b92de4c8591cce8703bc179c5') in 0.007855997 seconds
Number of updated asset objects reloaded before import = 0Number of asset objects unloaded after import = 3

========================================================================
Received Import Request.
  Time since last request: 0.000020 seconds.
  path: Assets/Scenes/Prefabs/explosion pack 1 (3)/__MACOSX/explosion pack 1/Explosions pack/explosion-1-c/Sprites
  artifactKey: Guid(6211094aadd9ee45187c855083083ad0) Importer(2089858483,b0f066a214c2f5e87bad3c948f4d605d)
Start importing Assets/Scenes/Prefabs/explosion pack 1 (3)/__MACOSX/explosion pack 1/Explosions pack/explosion-1-c/Sprites using Guid(6211094aadd9ee45187c855083083ad0) Importer(2089858483,b0f066a214c2f5e87bad3c948f4d605d) (ScriptedImporter) -> (artifact id: 'd4e508dd60015c010d096e1d5c076ab1') in 0.002334309 seconds
Number of updated asset objects reloaded before import = 0Number of asset objects unloaded after import = 1

========================================================================
Received Import Request.
  Time since last request: 0.000041 seconds.
  path: Assets/Scenes/Prefabs/explosion pack 1 (3)/explosion pack 1/Explosions pack/explosion-1-f/Sprites/explosion-f3.png
  artifactKey: Guid(bb4633784ed953500a55585dcffbef75) Importer(2089858483,b0f066a214c2f5e87bad3c948f4d605d)
Start importing Assets/Scenes/Prefabs/explosion pack 1 (3)/explosion pack 1/Explosions pack/explosion-1-f/Sprites/explosion-f3.png using Guid(bb4633784ed953500a55585dcffbef75) Importer(2089858483,b0f066a214c2f5e87bad3c948f4d605d) (ScriptedImporter) -> (artifact id: '5376b13fc24afc8923f224cadbfd94ea') in 0.008697756 seconds
Number of updated asset objects reloaded before import = 0Number of asset objects unloaded after import = 3

========================================================================
Received Import Request.
  Time since last request: 0.000029 seconds.
  path: Assets/Scenes/Prefabs/explosion pack 1 (3)/explosion pack 1/Bonus/From explosions pack 2/explosion-b/Sprites/explosion-b10.png
  artifactKey: Guid(576f87163d1c00a98a34956beb425eb5) Importer(2089858483,b0f066a214c2f5e87bad3c948f4d605d)
Start importing Assets/Scenes/Prefabs/explosion pack 1 (3)/explosion pack 1/Bonus/From explosions pack 2/explosion-b/Sprites/explosion-b10.png using Guid(576f87163d1c00a98a34956beb425eb5) Importer(2089858483,b0f066a214c2f5e87bad3c948f4d605d) (ScriptedImporter) -> (artifact id: 'aded391619c37c622b7caeb9f2f97483') in 0.006975987 seconds
Number of updated asset objects reloaded before import = 0Number of asset objects unloaded after import = 6

========================================================================
Received Import Request.
  Time since last request: 0.000012 seconds.
  path: Assets/Scenes/Prefabs/explosion pack 1 (3)/explosion pack 1/Explosions pack/explosion-1-g/Sprites/frame4.png
  artifactKey: Guid(7fb3a518b22ca1c8f8080104ab2be2ae) Importer(2089858483,b0f066a214c2f5e87bad3c948f4d605d)
Start importing Assets/Scenes/Prefabs/explosion pack 1 (3)/explosion pack 1/Explosions pack/explosion-1-g/Sprites/frame4.png using Guid(7fb3a518b22ca1c8f8080104ab2be2ae) Importer(2089858483,b0f066a214c2f5e87bad3c948f4d605d) (ScriptedImporter) -> (artifact id: '8fa38e65c25c8dfe9ab18817e62a4bd0') in 0.005839755 seconds
Number of updated asset objects reloaded before import = 0Number of asset objects unloaded after import = 3

========================================================================
Received Import Request.
  Time since last request: 0.000012 seconds.
  path: Assets/Scenes/Prefabs/explosion pack 1 (3)/explosion pack 1/Bonus/From explosions pack 2/explosion-b/Sprites/explosion-b2.png
  artifactKey: Guid(d764cccc1a50e52e8a6bd41e77da5de5) Importer(2089858483,b0f066a214c2f5e87bad3c948f4d605d)
Start importing Assets/Scenes/Prefabs/explosion pack 1 (3)/explosion pack 1/Bonus/From explosions pack 2/explosion-b/Sprites/explosion-b2.png using Guid(d764cccc1a50e52e8a6bd41e77da5de5) Importer(2089858483,b0f066a214c2f5e87bad3c948f4d605d) (ScriptedImporter) -> (artifact id: '7afe33dfe3ead5a00e913c240e276520') in 0.006921204 seconds
Number of updated asset objects reloaded before import = 0Number of asset objects unloaded after import = 3

========================================================================
Received Import Request.
  Time since last request: 0.000032 seconds.
  path: Assets/Scenes/Prefabs/explosion pack 1 (3)/explosion pack 1/Explosions pack/explosion-1-g
  artifactKey: Guid(b8dd678ad89e820e9b1364863c083db9) Importer(2089858483,b0f066a214c2f5e87bad3c948f4d605d)
Start importing Assets/Scenes/Prefabs/explosion pack 1 (3)/explosion pack 1/Explosions pack/explosion-1-g using Guid(b8dd678ad89e820e9b1364863c083db9) Importer(2089858483,b0f066a214c2f5e87bad3c948f4d605d) (ScriptedImporter) -> (artifact id: '1308884c4044e03334e885b1ecf9f715') in 0.002158599 seconds
Number of updated asset objects reloaded before import = 0Number of asset objects unloaded after import = 1

========================================================================
Received Import Request.
  Time since last request: 0.000018 seconds.
  path: Assets/Scenes/Prefabs/explosion pack 1 (3)/__MACOSX/explosion pack 1/Explosions pack/explosion-1-b/Sprites
  artifactKey: Guid(012214a3156cafaad9bb36389b5abe15) Importer(2089858483,b0f066a214c2f5e87bad3c948f4d605d)
Start importing Assets/Scenes/Prefabs/explosion pack 1 (3)/__MACOSX/explosion pack 1/Explosions pack/explosion-1-b/Sprites using Guid(012214a3156cafaad9bb36389b5abe15) Importer(2089858483,b0f066a214c2f5e87bad3c948f4d605d) (ScriptedImporter) -> (artifact id: 'cbbd3dbf8f08a0088404e7d2e3447900') in 0.002450126 seconds
Number of updated asset objects reloaded before import = 0Number of asset objects unloaded after import = 1

========================================================================
Received Import Request.
  Time since last request: 0.000012 seconds.
  path: Assets/Scenes/Prefabs/explosion pack 1 (3)/explosion pack 1/Explosions pack/explosion-1-d/Sprites/explosion-d5.png
  artifactKey: Guid(b0d89e923b5b21044ad8a08f96f815df) Importer(2089858483,b0f066a214c2f5e87bad3c948f4d605d)
Start importing Assets/Scenes/Prefabs/explosion pack 1 (3)/explosion pack 1/Explosions pack/explosion-1-d/Sprites/explosion-d5.png using Guid(b0d89e923b5b21044ad8a08f96f815df) Importer(2089858483,b0f066a214c2f5e87bad3c948f4d605d) (ScriptedImporter) -> (artifact id: '99942a8c67e9e91a4e112557ee450c5e') in 0.009429489 seconds
Number of updated asset objects reloaded before import = 0Number of asset objects unloaded after import = 3

========================================================================
Received Import Request.
  Time since last request: 0.000011 seconds.
  path: Assets/Scenes/Prefabs/explosion pack 1 (3)/explosion pack 1/Explosions pack/explosion-1-d/Sprites/explosion-d2.png
  artifactKey: Guid(ab4aab1def380a5e8b70867dd526a47b) Importer(2089858483,b0f066a214c2f5e87bad3c948f4d605d)
Start importing Assets/Scenes/Prefabs/explosion pack 1 (3)/explosion pack 1/Explosions pack/explosion-1-d/Sprites/explosion-d2.png using Guid(ab4aab1def380a5e8b70867dd526a47b) Importer(2089858483,b0f066a214c2f5e87bad3c948f4d605d) (ScriptedImporter) -> (artifact id: '2e38a92e84ed04b3a77627adf30c8790') in 0.005252483 seconds
Number of updated asset objects reloaded before import = 0Number of asset objects unloaded after import = 3

========================================================================
Received Import Request.
  Time since last request: 0.000037 seconds.
  path: Assets/Scenes/Prefabs/explosion pack 1 (3)/explosion pack 1/Explosions pack/explosion-1-a/Sprites/explosion-4.png
  artifactKey: Guid(a969197dd793ba3c18e81a50677574c9) Importer(2089858483,b0f066a214c2f5e87bad3c948f4d605d)
Start importing Assets/Scenes/Prefabs/explosion pack 1 (3)/explosion pack 1/Explosions pack/explosion-1-a/Sprites/explosion-4.png using Guid(a969197dd793ba3c18e81a50677574c9) Importer(2089858483,b0f066a214c2f5e87bad3c948f4d605d) (ScriptedImporter) -> (artifact id: '7a08f8398d36b1b0bf11a50aba06ebf2') in 0.007386417 seconds
Number of updated asset objects reloaded before import = 0Number of asset objects unloaded after import = 3

========================================================================
Received Import Request.
  Time since last request: 0.000028 seconds.
  path: Assets/Scenes/Prefabs/explosion pack 1 (3)/explosion pack 1/Explosions pack/explosion-1-e/Sprites/explosion-e10.png
  artifactKey: Guid(ddeaa95b564ba53ecb584069927d64f1) Importer(2089858483,b0f066a214c2f5e87bad3c948f4d605d)
Start importing Assets/Scenes/Prefabs/explosion pack 1 (3)/explosion pack 1/Explosions pack/explosion-1-e/Sprites/explosion-e10.png using Guid(ddeaa95b564ba53ecb584069927d64f1) Importer(2089858483,b0f066a214c2f5e87bad3c948f4d605d) (ScriptedImporter) -> (artifact id: 'a22485828c922df8f083cb11847c23e6') in 0.007893628 seconds
Number of updated asset objects reloaded before import = 0Number of asset objects unloaded after import = 3

========================================================================
Received Import Request.
  Time since last request: 0.000021 seconds.
  path: Assets/Scenes/Prefabs/explosion pack 1 (3)/explosion pack 1/Explosions pack/explosion-1-e/Sprites/explosion-e15.png
  artifactKey: Guid(915fc82a5952fc5febb775fc172d7b37) Importer(2089858483,b0f066a214c2f5e87bad3c948f4d605d)
Start importing Assets/Scenes/Prefabs/explosion pack 1 (3)/explosion pack 1/Explosions pack/explosion-1-e/Sprites/explosion-e15.png using Guid(915fc82a5952fc5febb775fc172d7b37) Importer(2089858483,b0f066a214c2f5e87bad3c948f4d605d) (ScriptedImporter) -> (artifact id: '0031735a57be32c169cfbb325e9cf6b4') in 0.011805667 seconds
Number of updated asset objects reloaded before import = 0Number of asset objects unloaded after import = 3

========================================================================
Received Import Request.
  Time since last request: 0.000059 seconds.
  path: Assets/Scenes/Prefabs/explosion pack 1 (3)/__MACOSX/explosion pack 1/Explosions pack/explosion-1-f
  artifactKey: Guid(5270b4b31b49edd67a9e377b33e46c92) Importer(2089858483,b0f066a214c2f5e87bad3c948f4d605d)
Start importing Assets/Scenes/Prefabs/explosion pack 1 (3)/__MACOSX/explosion pack 1/Explosions pack/explosion-1-f using Guid(5270b4b31b49edd67a9e377b33e46c92) Importer(2089858483,b0f066a214c2f5e87bad3c948f4d605d) (ScriptedImporter) -> (artifact id: '33b1e7daeb14ae178ef930ba55a98325') in 0.00176424 seconds
Number of updated asset objects reloaded before import = 0Number of asset objects unloaded after import = 1

========================================================================
Received Import Request.
  Time since last request: 0.000028 seconds.
  path: Assets/Scenes/Prefabs/explosion pack 1 (3)/__MACOSX
  artifactKey: Guid(f66252a0ddabaa229b8875f8adf362d9) Importer(2089858483,b0f066a214c2f5e87bad3c948f4d605d)
Start importing Assets/Scenes/Prefabs/explosion pack 1 (3)/__MACOSX using Guid(f66252a0ddabaa229b8875f8adf362d9) Importer(2089858483,b0f066a214c2f5e87bad3c948f4d605d) (ScriptedImporter) -> (artifact id: '11d47a1bdb35dfcbdc59b0694d5b4709') in 0.00275579 seconds
Number of updated asset objects reloaded before import = 0Number of asset objects unloaded after import = 1

========================================================================
Received Import Request.
  Time since last request: 0.000015 seconds.
  path: Assets/Scenes/Prefabs/explosion pack 1 (3)/explosion pack 1/Explosions pack/explosion-1-a/Sprites/explosion-3.png
  artifactKey: Guid(e1071011e8be2738aa3315f45ae8a0dc) Importer(2089858483,b0f066a214c2f5e87bad3c948f4d605d)
Start importing Assets/Scenes/Prefabs/explosion pack 1 (3)/explosion pack 1/Explosions pack/explosion-1-a/Sprites/explosion-3.png using Guid(e1071011e8be2738aa3315f45ae8a0dc) Importer(2089858483,b0f066a214c2f5e87bad3c948f4d605d) (ScriptedImporter) -> (artifact id: 'c0d4a5a03ec3a43b79d771abb20ea705') in 0.007270138 seconds
Number of updated asset objects reloaded before import = 0Number of asset objects unloaded after import = 3

========================================================================
Received Import Request.
  Time since last request: 0.000013 seconds.
  path: Assets/Scenes/Prefabs/explosion pack 1 (3)/explosion pack 1/Bonus/From explosions pack 2/explosion-b/Sprites
  artifactKey: Guid(80edc290df8544a14ba7c3d9c1c4a0db) Importer(2089858483,b0f066a214c2f5e87bad3c948f4d605d)
Start importing Assets/Scenes/Prefabs/explosion pack 1 (3)/explosion pack 1/Bonus/From explosions pack 2/explosion-b/Sprites using Guid(80edc290df8544a14ba7c3d9c1c4a0db) Importer(2089858483,b0f066a214c2f5e87bad3c948f4d605d) (ScriptedImporter) -> (artifact id: '74bb0d1067e81db12917e35ce643e069') in 0.00294779 seconds
Number of updated asset objects reloaded before import = 0Number of asset objects unloaded after import = 1

========================================================================
Received Import Request.
  Time since last request: 0.000026 seconds.
  path: Assets/Scenes/Prefabs/explosion pack 1 (3)/explosion pack 1/Explosions pack/explosion-1-f/Sprites/explosion-f4.png
  artifactKey: Guid(40f14fb43217782e686165d1f4b45ffb) Importer(2089858483,b0f066a214c2f5e87bad3c948f4d605d)
Start importing Assets/Scenes/Prefabs/explosion pack 1 (3)/explosion pack 1/Explosions pack/explosion-1-f/Sprites/explosion-f4.png using Guid(40f14fb43217782e686165d1f4b45ffb) Importer(2089858483,b0f066a214c2f5e87bad3c948f4d605d) (ScriptedImporter) -> (artifact id: '2082cffcf54aaabe255a0ba3926594eb') in 0.007085061 seconds
Number of updated asset objects reloaded before import = 0Number of asset objects unloaded after import = 3

========================================================================
Received Import Request.
  Time since last request: 0.000030 seconds.
  path: Assets/Scenes/Prefabs/explosion pack 1 (3)/explosion pack 1/Explosions pack/explosion-1-f/Sprites/explosion-f7.png
  artifactKey: Guid(2a0073c9e3c2cc5a0812c5aede89016d) Importer(2089858483,b0f066a214c2f5e87bad3c948f4d605d)
Start importing Assets/Scenes/Prefabs/explosion pack 1 (3)/explosion pack 1/Explosions pack/explosion-1-f/Sprites/explosion-f7.png using Guid(2a0073c9e3c2cc5a0812c5aede89016d) Importer(2089858483,b0f066a214c2f5e87bad3c948f4d605d) (ScriptedImporter) -> (artifact id: '616f6071ce3884414b350ab1c4652cfd') in 0.014102094 seconds
Number of updated asset objects reloaded before import = 0Number of asset objects unloaded after import = 10

========================================================================
Received Import Request.
  Time since last request: 0.000031 seconds.
  path: Assets/Scenes/Prefabs/explosion pack 1 (3)/explosion pack 1/Explosions pack/explosion-1-a/Sprites/explosion-1.png
  artifactKey: Guid(c31906f6d7c5110e59cb0904c3bed3aa) Importer(2089858483,b0f066a214c2f5e87bad3c948f4d605d)
Start importing Assets/Scenes/Prefabs/explosion pack 1 (3)/explosion pack 1/Explosions pack/explosion-1-a/Sprites/explosion-1.png using Guid(c31906f6d7c5110e59cb0904c3bed3aa) Importer(2089858483,b0f066a214c2f5e87bad3c948f4d605d) (ScriptedImporter) -> (artifact id: '999a9666d4eb2ebe1b36491c4b8bb49a') in 0.00533039 seconds
Number of updated asset objects reloaded before import = 0Number of asset objects unloaded after import = 3

========================================================================
Received Import Request.
  Time since last request: 0.000034 seconds.
  path: Assets/Scenes/Prefabs/explosion pack 1 (3)/explosion pack 1/Explosions pack/explosion-1-e/Sprites/explosion-e4.png
  artifactKey: Guid(5c4b5e7cedd7ba879bf710987bfba9ed) Importer(2089858483,b0f066a214c2f5e87bad3c948f4d605d)
Start importing Assets/Scenes/Prefabs/explosion pack 1 (3)/explosion pack 1/Explosions pack/explosion-1-e/Sprites/explosion-e4.png using Guid(5c4b5e7cedd7ba879bf710987bfba9ed) Importer(2089858483,b0f066a214c2f5e87bad3c948f4d605d) (ScriptedImporter) -> (artifact id: 'df0aa226f9a75ff413f8fdfc03d80e23') in 0.007529956 seconds
Number of updated asset objects reloaded before import = 0Number of asset objects unloaded after import = 3

========================================================================
Received Import Request.
  Time since last request: 0.000036 seconds.
  path: Assets/Scenes/Prefabs/explosion pack 1 (3)/explosion pack 1/Explosions pack/explosion-1-b/Sprites/explosion-1-b-1.png
  artifactKey: Guid(ad7266d7a736cf1f0906cc2a3ef76d3c) Importer(2089858483,b0f066a214c2f5e87bad3c948f4d605d)
Start importing Assets/Scenes/Prefabs/explosion pack 1 (3)/explosion pack 1/Explosions pack/explosion-1-b/Sprites/explosion-1-b-1.png using Guid(ad7266d7a736cf1f0906cc2a3ef76d3c) Importer(2089858483,b0f066a214c2f5e87bad3c948f4d605d) (ScriptedImporter) -> (artifact id: '124befafa4f7af3d2d164d7648d55778') in 0.006049849 seconds
Number of updated asset objects reloaded before import = 0Number of asset objects unloaded after import = 3

========================================================================
Received Import Request.
  Time since last request: 0.000037 seconds.
  path: Assets/Scenes/Prefabs/explosion pack 1 (3)/explosion pack 1/Explosions pack/explosion-1-e/Sprites/explosion-e6.png
  artifactKey: Guid(f36e001320fe04b88bbb1415d82d4d3e) Importer(2089858483,b0f066a214c2f5e87bad3c948f4d605d)
Start importing Assets/Scenes/Prefabs/explosion pack 1 (3)/explosion pack 1/Explosions pack/explosion-1-e/Sprites/explosion-e6.png using Guid(f36e001320fe04b88bbb1415d82d4d3e) Importer(2089858483,b0f066a214c2f5e87bad3c948f4d605d) (ScriptedImporter) -> (artifact id: '413e41061bc11423d88fc55527f36eb3') in 0.010067977 seconds
Number of updated asset objects reloaded before import = 0Number of asset objects unloaded after import = 3

========================================================================
Received Import Request.
  Time since last request: 0.000044 seconds.
  path: Assets/Scenes/Prefabs/explosion pack 1 (3)/explosion pack 1/Explosions pack/explosion-1-c
  artifactKey: Guid(357b1a62f761d91a288706cd7137aeb3) Importer(2089858483,b0f066a214c2f5e87bad3c948f4d605d)
Start importing Assets/Scenes/Prefabs/explosion pack 1 (3)/explosion pack 1/Explosions pack/explosion-1-c using Guid(357b1a62f761d91a288706cd7137aeb3) Importer(2089858483,b0f066a214c2f5e87bad3c948f4d605d) (ScriptedImporter) -> (artifact id: '0725ed21dc873f0cfdb7d326c5c3397a') in 0.002331253 seconds
Number of updated asset objects reloaded before import = 0Number of asset objects unloaded after import = 1

========================================================================
Received Import Request.
  Time since last request: 0.000012 seconds.
  path: Assets/Scenes/Prefabs/explosion pack 1 (3)/explosion pack 1/Explosions pack/explosion-1-e/Sprites/explosion-e13.png
  artifactKey: Guid(9328b7e04915c57558ac075cc43a9059) Importer(2089858483,b0f066a214c2f5e87bad3c948f4d605d)
Start importing Assets/Scenes/Prefabs/explosion pack 1 (3)/explosion pack 1/Explosions pack/explosion-1-e/Sprites/explosion-e13.png using Guid(9328b7e04915c57558ac075cc43a9059) Importer(2089858483,b0f066a214c2f5e87bad3c948f4d605d) (ScriptedImporter) -> (artifact id: '9a608597e47db4a2c7661d5d706a82ba') in 0.007260139 seconds
Number of updated asset objects reloaded before import = 0Number of asset objects unloaded after import = 3

========================================================================
Received Import Request.
  Time since last request: 0.000049 seconds.
  path: Assets/Scenes/Prefabs/explosion pack 1 (3)/explosion pack 1/Bonus/From explosions pack 2/explosion-b/explosion-b.png
  artifactKey: Guid(3ec850cef9a2cd7caaabd94f20826912) Importer(2089858483,b0f066a214c2f5e87bad3c948f4d605d)
Start importing Assets/Scenes/Prefabs/explosion pack 1 (3)/explosion pack 1/Bonus/From explosions pack 2/explosion-b/explosion-b.png using Guid(3ec850cef9a2cd7caaabd94f20826912) Importer(2089858483,b0f066a214c2f5e87bad3c948f4d605d) (ScriptedImporter) -> (artifact id: 'cb53ce4b7588a5bd8c3ed59535669d6e') in 0.043818901 seconds
Number of updated asset objects reloaded before import = 0Number of asset objects unloaded after import = 59

========================================================================
Received Import Request.
  Time since last request: 0.000031 seconds.
  path: Assets/Scenes/Prefabs/explosion pack 1 (3)/explosion pack 1/Explosions pack/explosion-1-e/Sprites/explosion-e20.png
  artifactKey: Guid(f7378456ea5f5c48ab840ba10f8d59f8) Importer(2089858483,b0f066a214c2f5e87bad3c948f4d605d)
Start importing Assets/Scenes/Prefabs/explosion pack 1 (3)/explosion pack 1/Explosions pack/explosion-1-e/Sprites/explosion-e20.png using Guid(f7378456ea5f5c48ab840ba10f8d59f8) Importer(2089858483,b0f066a214c2f5e87bad3c948f4d605d) (ScriptedImporter) -> (artifact id: 'f3bfde3e417da47c6c7a8f96ae136f2c') in 0.007808839 seconds
Number of updated asset objects reloaded before import = 0Number of asset objects unloaded after import = 3

========================================================================
Received Import Request.
  Time since last request: 0.000016 seconds.
  path: Assets/Scenes/Prefabs/explosion pack 1 (3)/explosion pack 1/Explosions pack/explosion-1-d
  artifactKey: Guid(7a1c5e18f9588fd439b67f574e7db48a) Importer(2089858483,b0f066a214c2f5e87bad3c948f4d605d)
Start importing Assets/Scenes/Prefabs/explosion pack 1 (3)/explosion pack 1/Explosions pack/explosion-1-d using Guid(7a1c5e18f9588fd439b67f574e7db48a) Importer(2089858483,b0f066a214c2f5e87bad3c948f4d605d) (ScriptedImporter) -> (artifact id: 'a6d2159d12534cebe6411f9f10bf13b5') in 0.002124395 seconds
Number of updated asset objects reloaded before import = 0Number of asset objects unloaded after import = 1

========================================================================
Received Import Request.
  Time since last request: 0.000028 seconds.
  path: Assets/Scenes/Prefabs/explosion pack 1 (3)/__MACOSX/explosion pack 1/Explosions pack/explosion-1-e/Sprites
  artifactKey: Guid(ea401c95aa70ef6aaa758c890aa9efa6) Importer(2089858483,b0f066a214c2f5e87bad3c948f4d605d)
Start importing Assets/Scenes/Prefabs/explosion pack 1 (3)/__MACOSX/explosion pack 1/Explosions pack/explosion-1-e/Sprites using Guid(ea401c95aa70ef6aaa758c890aa9efa6) Importer(2089858483,b0f066a214c2f5e87bad3c948f4d605d) (ScriptedImporter) -> (artifact id: 'b97bb70244776f298fbaa2a53aee161c') in 0.002839527 seconds
Number of updated asset objects reloaded before import = 0Number of asset objects unloaded after import = 1

========================================================================
Received Import Request.
  Time since last request: 0.000031 seconds.
  path: Assets/Scenes/Prefabs/explosion pack 1 (3)/explosion pack 1/Explosions pack
  artifactKey: Guid(fc1a0eb8e06c6e394a27caef8180de4b) Importer(2089858483,b0f066a214c2f5e87bad3c948f4d605d)
Start importing Assets/Scenes/Prefabs/explosion pack 1 (3)/explosion pack 1/Explosions pack using Guid(fc1a0eb8e06c6e394a27caef8180de4b) Importer(2089858483,b0f066a214c2f5e87bad3c948f4d605d) (ScriptedImporter) -> (artifact id: '86b5a2218dc7dcec86a0f1d6a037d94e') in 0.001838519 seconds
Number of updated asset objects reloaded before import = 0Number of asset objects unloaded after import = 1

========================================================================
Received Import Request.
  Time since last request: 0.000013 seconds.
  path: Assets/Scenes/Prefabs/explosion pack 1 (3)/explosion pack 1/Explosions pack/explosion-1-d/Sprites
  artifactKey: Guid(134f6c7d3809742d2b5ca033c157bf43) Importer(2089858483,b0f066a214c2f5e87bad3c948f4d605d)
Start importing Assets/Scenes/Prefabs/explosion pack 1 (3)/explosion pack 1/Explosions pack/explosion-1-d/Sprites using Guid(134f6c7d3809742d2b5ca033c157bf43) Importer(2089858483,b0f066a214c2f5e87bad3c948f4d605d) (ScriptedImporter) -> (artifact id: 'f42be4b105d7bc2e0737066ea112f801') in 0.003288078 seconds
Number of updated asset objects reloaded before import = 0Number of asset objects unloaded after import = 1

========================================================================
Received Import Request.
  Time since last request: 0.000028 seconds.
  path: Assets/Scenes/Prefabs/explosion pack 1 (3)/explosion pack 1/Explosions pack/explosion-1-e/Sprites/explosion-e22.png
  artifactKey: Guid(696cdf61959c80f018c0805f97bfd06b) Importer(2089858483,b0f066a214c2f5e87bad3c948f4d605d)
Start importing Assets/Scenes/Prefabs/explosion pack 1 (3)/explosion pack 1/Explosions pack/explosion-1-e/Sprites/explosion-e22.png using Guid(696cdf61959c80f018c0805f97bfd06b) Importer(2089858483,b0f066a214c2f5e87bad3c948f4d605d) (ScriptedImporter) -> (artifact id: '22cf5d9fe61f5523245ccc7eaf669635') in 0.009546899 seconds
Number of updated asset objects reloaded before import = 0Number of asset objects unloaded after import = 3

========================================================================
Received Import Request.
  Time since last request: 0.000025 seconds.
  path: Assets/Scenes/Prefabs/explosion pack 1 (3)/explosion pack 1/Explosions pack/explosion-1-c/Sprites/explosion-c9.png
  artifactKey: Guid(34e0a67bcfed042c38e2107b9e611330) Importer(2089858483,b0f066a214c2f5e87bad3c948f4d605d)
Start importing Assets/Scenes/Prefabs/explosion pack 1 (3)/explosion pack 1/Explosions pack/explosion-1-c/Sprites/explosion-c9.png using Guid(34e0a67bcfed042c38e2107b9e611330) Importer(2089858483,b0f066a214c2f5e87bad3c948f4d605d) (ScriptedImporter) -> (artifact id: 'cb4d7edf52b501d7aada46288f6cd28d') in 0.007860325 seconds
Number of updated asset objects reloaded before import = 0Number of asset objects unloaded after import = 6

========================================================================
Received Import Request.
  Time since last request: 0.000022 seconds.
  path: Assets/Scenes/Prefabs/explosion pack 1 (3)/explosion pack 1/Explosions pack/explosion-1-e/Sprites/explosion-e5.png
  artifactKey: Guid(d3b733438e5b5571c8ef925995c854e9) Importer(2089858483,b0f066a214c2f5e87bad3c948f4d605d)
Start importing Assets/Scenes/Prefabs/explosion pack 1 (3)/explosion pack 1/Explosions pack/explosion-1-e/Sprites/explosion-e5.png using Guid(d3b733438e5b5571c8ef925995c854e9) Importer(2089858483,b0f066a214c2f5e87bad3c948f4d605d) (ScriptedImporter) -> (artifact id: 'c23b9d0cd1f111b5e58b1d6966b65abe') in 0.007842472 seconds
Number of updated asset objects reloaded before import = 0Number of asset objects unloaded after import = 3

========================================================================
Received Import Request.
  Time since last request: 0.000015 seconds.
  path: Assets/Scenes/Prefabs/explosion pack 1 (3)/explosion pack 1/Bonus/From explosions pack 2/explosion-b/Preview.gif
  artifactKey: Guid(74ad431ec2c9a97cf962bcedc73dd8e4) Importer(2089858483,b0f066a214c2f5e87bad3c948f4d605d)
Start importing Assets/Scenes/Prefabs/explosion pack 1 (3)/explosion pack 1/Bonus/From explosions pack 2/explosion-b/Preview.gif using Guid(74ad431ec2c9a97cf962bcedc73dd8e4) Importer(2089858483,b0f066a214c2f5e87bad3c948f4d605d) (ScriptedImporter) -> (artifact id: '91de3689d1bf92f1573c97647844082f') in 0.009968911 seconds
Number of updated asset objects reloaded before import = 0Number of asset objects unloaded after import = 3

========================================================================
Received Import Request.
  Time since last request: 0.000025 seconds.
  path: Assets/Scenes/Prefabs/explosion pack 1 (3)/explosion pack 1/Explosions pack/explosion-1-e/Sprites/explosion-e2.png
  artifactKey: Guid(154bf23de9618d12a861f566f7bdb6bc) Importer(2089858483,b0f066a214c2f5e87bad3c948f4d605d)
Start importing Assets/Scenes/Prefabs/explosion pack 1 (3)/explosion pack 1/Explosions pack/explosion-1-e/Sprites/explosion-e2.png using Guid(154bf23de9618d12a861f566f7bdb6bc) Importer(2089858483,b0f066a214c2f5e87bad3c948f4d605d) (ScriptedImporter) -> (artifact id: '4171e63134ed84e83953d20ccc6f7cc4') in 0.006481549 seconds
Number of updated asset objects reloaded before import = 0Number of asset objects unloaded after import = 3

Editor requested this worker to shutdown with reason: Scaling down because of idle timeout
AssetImportWorker is now disconnected from the server
Process exiting

SDL leaked 2 allocations
